[0.289s] Invoking command in '/mnt/d/ROS2_PROJECTS/autonomous_indoor_robot/build/indoor_robot': CMAKE_PREFIX_PATH=${CMAKE_PREFIX_PATH}:/opt/ros/humble /usr/bin/cmake --build /mnt/d/ROS2_PROJECTS/autonomous_indoor_robot/build/indoor_robot -- -j12 -l12
[0.491s] Invoked command in '/mnt/d/ROS2_PROJECTS/autonomous_indoor_robot/build/indoor_robot' returned '0': CMAKE_PREFIX_PATH=${CMAKE_PREFIX_PATH}:/opt/ros/humble /usr/bin/cmake --build /mnt/d/ROS2_PROJECTS/autonomous_indoor_robot/build/indoor_robot -- -j12 -l12
[0.550s] Invoking command in '/mnt/d/ROS2_PROJECTS/autonomous_indoor_robot/build/indoor_robot': CMAKE_PREFIX_PATH=${CMAKE_PREFIX_PATH}:/opt/ros/humble /usr/bin/cmake --install /mnt/d/ROS2_PROJECTS/autonomous_indoor_robot/build/indoor_robot
[0.566s] -- Install configuration: ""
[0.585s] -- Execute custom install script
[0.646s] -- Up-to-date symlink: /mnt/d/ROS2_PROJECTS/autonomous_indoor_robot/install/indoor_robot/share/indoor_robot//launch/gazebo.launch.py
[0.686s] -- Up-to-date symlink: /mnt/d/ROS2_PROJECTS/autonomous_indoor_robot/install/indoor_robot/share/indoor_robot//launch/slam.launch.py
[0.737s] -- Up-to-date symlink: /mnt/d/ROS2_PROJECTS/autonomous_indoor_robot/install/indoor_robot/share/indoor_robot//worlds/warehouse.world
[1.045s] -- Up-to-date symlink: /mnt/d/ROS2_PROJECTS/autonomous_indoor_robot/install/indoor_robot/share/indoor_robot//models/robot.urdf.xacro
[1.110s] -- Up-to-date symlink: /mnt/d/ROS2_PROJECTS/autonomous_indoor_robot/install/indoor_robot/share/indoor_robot//config/slam_params.yaml
[1.164s] -- Up-to-date symlink: /mnt/d/ROS2_PROJECTS/autonomous_indoor_robot/install/indoor_robot/share/indoor_robot//rviz/slam.rviz
[1.267s] -- Up-to-date symlink: /mnt/d/ROS2_PROJECTS/autonomous_indoor_robot/install/indoor_robot/share/ament_index/resource_index/package_run_dependencies/indoor_robot
[1.354s] -- Up-to-date symlink: /mnt/d/ROS2_PROJECTS/autonomous_indoor_robot/install/indoor_robot/share/ament_index/resource_index/parent_prefix_path/indoor_robot
[1.389s] -- Up-to-date symlink: /mnt/d/ROS2_PROJECTS/autonomous_indoor_robot/install/indoor_robot/share/indoor_robot/environment/ament_prefix_path.sh
[1.429s] -- Up-to-date symlink: /mnt/d/ROS2_PROJECTS/autonomous_indoor_robot/install/indoor_robot/share/indoor_robot/environment/ament_prefix_path.dsv
[1.472s] -- Up-to-date symlink: /mnt/d/ROS2_PROJECTS/autonomous_indoor_robot/install/indoor_robot/share/indoor_robot/environment/path.sh
[1.515s] -- Up-to-date symlink: /mnt/d/ROS2_PROJECTS/autonomous_indoor_robot/install/indoor_robot/share/indoor_robot/environment/path.dsv
[1.550s] -- Up-to-date symlink: /mnt/d/ROS2_PROJECTS/autonomous_indoor_robot/install/indoor_robot/share/indoor_robot/local_setup.bash
[1.586s] -- Up-to-date symlink: /mnt/d/ROS2_PROJECTS/autonomous_indoor_robot/install/indoor_robot/share/indoor_robot/local_setup.sh
[1.625s] -- Up-to-date symlink: /mnt/d/ROS2_PROJECTS/autonomous_indoor_robot/install/indoor_robot/share/indoor_robot/local_setup.zsh
[1.664s] -- Up-to-date symlink: /mnt/d/ROS2_PROJECTS/autonomous_indoor_robot/install/indoor_robot/share/indoor_robot/local_setup.dsv
[1.681s] -- Symlinking: /mnt/d/ROS2_PROJECTS/autonomous_indoor_robot/install/indoor_robot/share/indoor_robot/package.dsv
[1.813s] -- Up-to-date symlink: /mnt/d/ROS2_PROJECTS/autonomous_indoor_robot/install/indoor_robot/share/ament_index/resource_index/packages/indoor_robot
[1.848s] -- Up-to-date symlink: /mnt/d/ROS2_PROJECTS/autonomous_indoor_robot/install/indoor_robot/share/indoor_robot/cmake/indoor_robotConfig.cmake
[1.883s] -- Up-to-date symlink: /mnt/d/ROS2_PROJECTS/autonomous_indoor_robot/install/indoor_robot/share/indoor_robot/cmake/indoor_robotConfig-version.cmake
[1.920s] -- Up-to-date symlink: /mnt/d/ROS2_PROJECTS/autonomous_indoor_robot/install/indoor_robot/share/indoor_robot/package.xml
[1.931s] Invoked command in '/mnt/d/ROS2_PROJECTS/autonomous_indoor_robot/build/indoor_robot' returned '0': CMAKE_PREFIX_PATH=${CMAKE_PREFIX_PATH}:/opt/ros/humble /usr/bin/cmake --install /mnt/d/ROS2_PROJECTS/autonomous_indoor_robot/build/indoor_robot
