[2.829s] DEBUG:colcon:Command line arguments: ['/usr/bin/colcon', 'build', '--packages-select', 'indoor_robot']
[2.833s] DEBUG:colcon:Parsed command line arguments: Namespace(log_base=None, log_level=None, verb_name='build', build_base='build', install_base='install', merge_install=False, symlink_install=False, test_result_base=None, continue_on_error=False, executor='parallel', parallel_workers=12, event_handlers=None, ignore_user_meta=False, metas=['./colcon.meta'], base_paths=['.'], packages_ignore=None, packages_ignore_regex=None, paths=None, packages_up_to=None, packages_up_to_regex=None, packages_above=None, packages_above_and_dependencies=None, packages_above_depth=None, packages_select_by_dep=None, packages_skip_by_dep=None, packages_skip_up_to=None, packages_select_build_failed=False, packages_skip_build_finished=False, packages_select_test_failures=False, packages_skip_test_passed=False, packages_select=['indoor_robot'], packages_skip=None, packages_select_regex=None, packages_skip_regex=None, packages_start=None, packages_end=None, allow_overriding=[], cmake_args=None, cmake_target=None, cmake_target_skip_unavailable=False, cmake_clean_cache=False, cmake_clean_first=False, cmake_force_configure=False, ament_cmake_args=None, catkin_cmake_args=None, catkin_skip_building_tests=False, verb_parser=<colcon_defaults.argument_parser.defaults.DefaultArgumentsDecorator object at 0x7e70a64236d0>, verb_extension=<colcon_core.verb.build.BuildVerb object at 0x7e70a6423190>, main=<bound method BuildVerb.main of <colcon_core.verb.build.BuildVerb object at 0x7e70a6423190>>)
[3.951s] Level 1:colcon.colcon_core.package_discovery:discover_packages(colcon_meta) check parameters
[3.953s] Level 1:colcon.colcon_core.package_discovery:discover_packages(recursive) check parameters
[3.954s] Level 1:colcon.colcon_core.package_discovery:discover_packages(ignore) check parameters
[3.955s] Level 1:colcon.colcon_core.package_discovery:discover_packages(path) check parameters
[3.955s] Level 1:colcon.colcon_core.package_discovery:discover_packages(colcon_meta) discover
[3.956s] Level 1:colcon.colcon_core.package_discovery:discover_packages(recursive) discover
[3.958s] INFO:colcon.colcon_core.package_discovery:Crawling recursively for packages in '/mnt/d/ROS2_PROJECTS/autonomous_indoor_robot'
[3.965s] Level 1:colcon.colcon_core.package_identification:_identify(.) by extensions ['ignore', 'ignore_ament_install']
[3.966s] Level 1:colcon.colcon_core.package_identification:_identify(.) by extension 'ignore'
[3.968s] Level 1:colcon.colcon_core.package_identification:_identify(.) by extension 'ignore_ament_install'
[3.970s] Level 1:colcon.colcon_core.package_identification:_identify(.) by extensions ['colcon_pkg']
[3.971s] Level 1:colcon.colcon_core.package_identification:_identify(.) by extension 'colcon_pkg'
[3.974s] Level 1:colcon.colcon_core.package_identification:_identify(.) by extensions ['colcon_meta']
[3.975s] Level 1:colcon.colcon_core.package_identification:_identify(.) by extension 'colcon_meta'
[3.976s] Level 1:colcon.colcon_core.package_identification:_identify(.) by extensions ['ros']
[3.977s] Level 1:colcon.colcon_core.package_identification:_identify(.) by extension 'ros'
[4.033s] Level 1:colcon.colcon_core.package_identification:_identify(.) by extensions ['cmake', 'python']
[4.034s] Level 1:colcon.colcon_core.package_identification:_identify(.) by extension 'cmake'
[4.038s] Level 1:colcon.colcon_core.package_identification:_identify(.) by extension 'python'
[4.040s] Level 1:colcon.colcon_core.package_identification:_identify(.) by extensions ['python_setup_py']
[4.041s] Level 1:colcon.colcon_core.package_identification:_identify(.) by extension 'python_setup_py'
[4.057s] Level 1:colcon.colcon_core.package_identification:_identify(build) by extensions ['ignore', 'ignore_ament_install']
[4.058s] Level 1:colcon.colcon_core.package_identification:_identify(build) by extension 'ignore'
[4.065s] Level 1:colcon.colcon_core.package_identification:_identify(build) ignored
[4.087s] Level 1:colcon.colcon_core.package_identification:_identify(install) by extensions ['ignore', 'ignore_ament_install']
[4.089s] Level 1:colcon.colcon_core.package_identification:_identify(install) by extension 'ignore'
[4.102s] Level 1:colcon.colcon_core.package_identification:_identify(install) ignored
[4.151s] Level 1:colcon.colcon_core.package_identification:_identify(log) by extensions ['ignore', 'ignore_ament_install']
[4.155s] Level 1:colcon.colcon_core.package_identification:_identify(log) by extension 'ignore'
[4.165s] Level 1:colcon.colcon_core.package_identification:_identify(log) ignored
[4.199s] Level 1:colcon.colcon_core.package_identification:_identify(src) by extensions ['ignore', 'ignore_ament_install']
[4.203s] Level 1:colcon.colcon_core.package_identification:_identify(src) by extension 'ignore'
[4.214s] Level 1:colcon.colcon_core.package_identification:_identify(src) by extension 'ignore_ament_install'
[4.241s] Level 1:colcon.colcon_core.package_identification:_identify(src) by extensions ['colcon_pkg']
[4.246s] Level 1:colcon.colcon_core.package_identification:_identify(src) by extension 'colcon_pkg'
[4.255s] Level 1:colcon.colcon_core.package_identification:_identify(src) by extensions ['colcon_meta']
[4.257s] Level 1:colcon.colcon_core.package_identification:_identify(src) by extension 'colcon_meta'
[4.264s] Level 1:colcon.colcon_core.package_identification:_identify(src) by extensions ['ros']
[4.265s] Level 1:colcon.colcon_core.package_identification:_identify(src) by extension 'ros'
[4.297s] Level 1:colcon.colcon_core.package_identification:_identify(src) by extensions ['cmake', 'python']
[4.299s] Level 1:colcon.colcon_core.package_identification:_identify(src) by extension 'cmake'
[4.305s] Level 1:colcon.colcon_core.package_identification:_identify(src) by extension 'python'
[4.316s] Level 1:colcon.colcon_core.package_identification:_identify(src) by extensions ['python_setup_py']
[4.317s] Level 1:colcon.colcon_core.package_identification:_identify(src) by extension 'python_setup_py'
[4.413s] Level 1:colcon.colcon_core.package_identification:_identify(src/indoor_robot) by extensions ['ignore', 'ignore_ament_install']
[4.421s] Level 1:colcon.colcon_core.package_identification:_identify(src/indoor_robot) by extension 'ignore'
[4.464s] Level 1:colcon.colcon_core.package_identification:_identify(src/indoor_robot) by extension 'ignore_ament_install'
[4.585s] Level 1:colcon.colcon_core.package_identification:_identify(src/indoor_robot) by extensions ['colcon_pkg']
[4.593s] Level 1:colcon.colcon_core.package_identification:_identify(src/indoor_robot) by extension 'colcon_pkg'
[4.615s] Level 1:colcon.colcon_core.package_identification:_identify(src/indoor_robot) by extensions ['colcon_meta']
[4.619s] Level 1:colcon.colcon_core.package_identification:_identify(src/indoor_robot) by extension 'colcon_meta'
[4.630s] Level 1:colcon.colcon_core.package_identification:_identify(src/indoor_robot) by extensions ['ros']
[4.631s] Level 1:colcon.colcon_core.package_identification:_identify(src/indoor_robot) by extension 'ros'
[4.758s] DEBUG:colcon.colcon_core.package_identification:Package 'src/indoor_robot' with type 'ros.ament_cmake' and name 'indoor_robot'
[4.760s] Level 1:colcon.colcon_core.package_discovery:discover_packages(recursive) using defaults
[4.761s] Level 1:colcon.colcon_core.package_discovery:discover_packages(ignore) discover
[4.762s] Level 1:colcon.colcon_core.package_discovery:discover_packages(ignore) using defaults
[4.763s] Level 1:colcon.colcon_core.package_discovery:discover_packages(path) discover
[4.764s] Level 1:colcon.colcon_core.package_discovery:discover_packages(path) using defaults
[4.874s] Level 1:colcon.colcon_core.package_discovery:discover_packages(prefix_path) check parameters
[4.876s] Level 1:colcon.colcon_core.package_discovery:discover_packages(prefix_path) discover
[5.183s] DEBUG:colcon.colcon_installed_package_information.package_discovery:Found 1 installed packages in /mnt/d/ROS2_PROJECTS/autonomous_indoor_robot/install
[5.483s] DEBUG:colcon.colcon_installed_package_information.package_discovery:Found 0 installed packages in /mnt/d/ros2_projects/ros2_ws/install
[5.487s] DEBUG:colcon.colcon_installed_package_information.package_discovery:Found 303 installed packages in /opt/ros/humble
[5.515s] Level 1:colcon.colcon_core.package_discovery:discover_packages(prefix_path) using defaults
[5.995s] Level 5:colcon.colcon_core.verb:set package 'indoor_robot' build argument 'cmake_args' from command line to 'None'
[5.998s] Level 5:colcon.colcon_core.verb:set package 'indoor_robot' build argument 'cmake_target' from command line to 'None'
[6.000s] Level 5:colcon.colcon_core.verb:set package 'indoor_robot' build argument 'cmake_target_skip_unavailable' from command line to 'False'
[6.001s] Level 5:colcon.colcon_core.verb:set package 'indoor_robot' build argument 'cmake_clean_cache' from command line to 'False'
[6.003s] Level 5:colcon.colcon_core.verb:set package 'indoor_robot' build argument 'cmake_clean_first' from command line to 'False'
[6.005s] Level 5:colcon.colcon_core.verb:set package 'indoor_robot' build argument 'cmake_force_configure' from command line to 'False'
[6.007s] Level 5:colcon.colcon_core.verb:set package 'indoor_robot' build argument 'ament_cmake_args' from command line to 'None'
[6.008s] Level 5:colcon.colcon_core.verb:set package 'indoor_robot' build argument 'catkin_cmake_args' from command line to 'None'
[6.009s] Level 5:colcon.colcon_core.verb:set package 'indoor_robot' build argument 'catkin_skip_building_tests' from command line to 'False'
[6.011s] DEBUG:colcon.colcon_core.verb:Building package 'indoor_robot' with the following arguments: {'ament_cmake_args': None, 'build_base': '/mnt/d/ROS2_PROJECTS/autonomous_indoor_robot/build/indoor_robot', 'catkin_cmake_args': None, 'catkin_skip_building_tests': False, 'cmake_args': None, 'cmake_clean_cache': False, 'cmake_clean_first': False, 'cmake_force_configure': False, 'cmake_target': None, 'cmake_target_skip_unavailable': False, 'install_base': '/mnt/d/ROS2_PROJECTS/autonomous_indoor_robot/install/indoor_robot', 'merge_install': False, 'path': '/mnt/d/ROS2_PROJECTS/autonomous_indoor_robot/src/indoor_robot', 'symlink_install': False, 'test_result_base': None}
[6.013s] INFO:colcon.colcon_core.executor:Executing jobs using 'parallel' executor
[6.017s] DEBUG:colcon.colcon_parallel_executor.executor.parallel:run_until_complete
[6.019s] INFO:colcon.colcon_ros.task.ament_cmake.build:Building ROS package in '/mnt/d/ROS2_PROJECTS/autonomous_indoor_robot/src/indoor_robot' with build type 'ament_cmake'
[6.021s] INFO:colcon.colcon_cmake.task.cmake.build:Building CMake package in '/mnt/d/ROS2_PROJECTS/autonomous_indoor_robot/src/indoor_robot'
[6.044s] INFO:colcon.colcon_core.plugin_system:Skipping extension 'colcon_core.shell.bat': Not used on non-Windows systems
[6.046s] INFO:colcon.colcon_core.shell:Skip shell extension 'powershell' for command environment: Not usable outside of PowerShell
[6.048s] DEBUG:colcon.colcon_core.shell:Skip shell extension 'dsv' for command environment
[7.543s] DEBUG:colcon.colcon_core.event_handler.log_command:Invoking command in '/mnt/d/ROS2_PROJECTS/autonomous_indoor_robot/build/indoor_robot': CMAKE_PREFIX_PATH=${CMAKE_PREFIX_PATH}:/opt/ros/humble /usr/bin/cmake --build /mnt/d/ROS2_PROJECTS/autonomous_indoor_robot/build/indoor_robot -- -j12 -l12
[8.625s] DEBUG:colcon.colcon_core.event_handler.log_command:Invoked command in '/mnt/d/ROS2_PROJECTS/autonomous_indoor_robot/build/indoor_robot' returned '0': CMAKE_PREFIX_PATH=${CMAKE_PREFIX_PATH}:/opt/ros/humble /usr/bin/cmake --build /mnt/d/ROS2_PROJECTS/autonomous_indoor_robot/build/indoor_robot -- -j12 -l12
[8.946s] DEBUG:colcon.colcon_core.event_handler.log_command:Invoking command in '/mnt/d/ROS2_PROJECTS/autonomous_indoor_robot/build/indoor_robot': CMAKE_PREFIX_PATH=${CMAKE_PREFIX_PATH}:/opt/ros/humble /usr/bin/cmake --install /mnt/d/ROS2_PROJECTS/autonomous_indoor_robot/build/indoor_robot
[16.184s] Level 1:colcon.colcon_core.environment:create_environment_scripts_only(indoor_robot)
[16.193s] DEBUG:colcon.colcon_core.event_handler.log_command:Invoked command in '/mnt/d/ROS2_PROJECTS/autonomous_indoor_robot/build/indoor_robot' returned '0': CMAKE_PREFIX_PATH=${CMAKE_PREFIX_PATH}:/opt/ros/humble /usr/bin/cmake --install /mnt/d/ROS2_PROJECTS/autonomous_indoor_robot/build/indoor_robot
[16.213s] Level 1:colcon.colcon_core.environment:checking '/mnt/d/ROS2_PROJECTS/autonomous_indoor_robot/install/indoor_robot' for CMake module files
[17.434s] Level 1:colcon.colcon_core.environment:checking '/mnt/d/ROS2_PROJECTS/autonomous_indoor_robot/install/indoor_robot' for CMake config files
[18.282s] Level 1:colcon.colcon_core.shell:create_environment_hook('indoor_robot', 'cmake_prefix_path')
[18.284s] INFO:colcon.colcon_core.shell:Creating environment hook '/mnt/d/ROS2_PROJECTS/autonomous_indoor_robot/install/indoor_robot/share/indoor_robot/hook/cmake_prefix_path.ps1'
[18.408s] INFO:colcon.colcon_core.shell:Creating environment descriptor '/mnt/d/ROS2_PROJECTS/autonomous_indoor_robot/install/indoor_robot/share/indoor_robot/hook/cmake_prefix_path.dsv'
[18.506s] INFO:colcon.colcon_core.shell:Creating environment hook '/mnt/d/ROS2_PROJECTS/autonomous_indoor_robot/install/indoor_robot/share/indoor_robot/hook/cmake_prefix_path.sh'
[18.633s] Level 1:colcon.colcon_core.environment:checking '/mnt/d/ROS2_PROJECTS/autonomous_indoor_robot/install/indoor_robot/bin'
[18.639s] Level 1:colcon.colcon_core.environment:checking '/mnt/d/ROS2_PROJECTS/autonomous_indoor_robot/install/indoor_robot/lib/pkgconfig/indoor_robot.pc'
[18.650s] Level 1:colcon.colcon_core.environment:checking '/mnt/d/ROS2_PROJECTS/autonomous_indoor_robot/install/indoor_robot/lib/python3.10/site-packages'
[18.656s] Level 1:colcon.colcon_core.environment:checking '/mnt/d/ROS2_PROJECTS/autonomous_indoor_robot/install/indoor_robot/bin'
[18.665s] INFO:colcon.colcon_core.shell:Creating package script '/mnt/d/ROS2_PROJECTS/autonomous_indoor_robot/install/indoor_robot/share/indoor_robot/package.ps1'
[18.775s] INFO:colcon.colcon_core.shell:Creating package descriptor '/mnt/d/ROS2_PROJECTS/autonomous_indoor_robot/install/indoor_robot/share/indoor_robot/package.dsv'
[18.823s] INFO:colcon.colcon_core.shell:Creating package script '/mnt/d/ROS2_PROJECTS/autonomous_indoor_robot/install/indoor_robot/share/indoor_robot/package.sh'
[18.894s] INFO:colcon.colcon_core.shell:Creating package script '/mnt/d/ROS2_PROJECTS/autonomous_indoor_robot/install/indoor_robot/share/indoor_robot/package.bash'
[18.996s] INFO:colcon.colcon_core.shell:Creating package script '/mnt/d/ROS2_PROJECTS/autonomous_indoor_robot/install/indoor_robot/share/indoor_robot/package.zsh'
[19.276s] Level 1:colcon.colcon_core.environment:create_file_with_runtime_dependencies(/mnt/d/ROS2_PROJECTS/autonomous_indoor_robot/install/indoor_robot/share/colcon-core/packages/indoor_robot)
[19.554s] Level 1:colcon.colcon_core.environment:create_environment_scripts_only(indoor_robot)
[19.556s] Level 1:colcon.colcon_core.environment:checking '/mnt/d/ROS2_PROJECTS/autonomous_indoor_robot/install/indoor_robot' for CMake module files
[20.490s] Level 1:colcon.colcon_core.environment:checking '/mnt/d/ROS2_PROJECTS/autonomous_indoor_robot/install/indoor_robot' for CMake config files
[21.407s] Level 1:colcon.colcon_core.shell:create_environment_hook('indoor_robot', 'cmake_prefix_path')
[21.408s] INFO:colcon.colcon_core.shell:Creating environment hook '/mnt/d/ROS2_PROJECTS/autonomous_indoor_robot/install/indoor_robot/share/indoor_robot/hook/cmake_prefix_path.ps1'
[21.600s] INFO:colcon.colcon_core.shell:Creating environment descriptor '/mnt/d/ROS2_PROJECTS/autonomous_indoor_robot/install/indoor_robot/share/indoor_robot/hook/cmake_prefix_path.dsv'
[21.973s] INFO:colcon.colcon_core.shell:Creating environment hook '/mnt/d/ROS2_PROJECTS/autonomous_indoor_robot/install/indoor_robot/share/indoor_robot/hook/cmake_prefix_path.sh'
[22.175s] Level 1:colcon.colcon_core.environment:checking '/mnt/d/ROS2_PROJECTS/autonomous_indoor_robot/install/indoor_robot/bin'
[22.203s] Level 1:colcon.colcon_core.environment:checking '/mnt/d/ROS2_PROJECTS/autonomous_indoor_robot/install/indoor_robot/lib/pkgconfig/indoor_robot.pc'
[22.239s] Level 1:colcon.colcon_core.environment:checking '/mnt/d/ROS2_PROJECTS/autonomous_indoor_robot/install/indoor_robot/lib/python3.10/site-packages'
[22.287s] Level 1:colcon.colcon_core.environment:checking '/mnt/d/ROS2_PROJECTS/autonomous_indoor_robot/install/indoor_robot/bin'
[22.317s] INFO:colcon.colcon_core.shell:Creating package script '/mnt/d/ROS2_PROJECTS/autonomous_indoor_robot/install/indoor_robot/share/indoor_robot/package.ps1'
[22.396s] INFO:colcon.colcon_core.shell:Creating package descriptor '/mnt/d/ROS2_PROJECTS/autonomous_indoor_robot/install/indoor_robot/share/indoor_robot/package.dsv'
[22.477s] INFO:colcon.colcon_core.shell:Creating package script '/mnt/d/ROS2_PROJECTS/autonomous_indoor_robot/install/indoor_robot/share/indoor_robot/package.sh'
[22.634s] INFO:colcon.colcon_core.shell:Creating package script '/mnt/d/ROS2_PROJECTS/autonomous_indoor_robot/install/indoor_robot/share/indoor_robot/package.bash'
[23.079s] INFO:colcon.colcon_core.shell:Creating package script '/mnt/d/ROS2_PROJECTS/autonomous_indoor_robot/install/indoor_robot/share/indoor_robot/package.zsh'
[23.337s] Level 1:colcon.colcon_core.environment:create_file_with_runtime_dependencies(/mnt/d/ROS2_PROJECTS/autonomous_indoor_robot/install/indoor_robot/share/colcon-core/packages/indoor_robot)
[23.519s] DEBUG:colcon.colcon_parallel_executor.executor.parallel:closing loop
[23.523s] DEBUG:colcon.colcon_parallel_executor.executor.parallel:loop closed
[23.527s] DEBUG:colcon.colcon_parallel_executor.executor.parallel:run_until_complete finished with '0'
[23.532s] DEBUG:colcon.colcon_core.event_reactor:joining thread
[24.825s] INFO:colcon.colcon_core.plugin_system:Skipping extension 'colcon_notification.desktop_notification.notify_send': Could not find 'notify-send'
[24.838s] INFO:colcon.colcon_core.plugin_system:Skipping extension 'colcon_notification.desktop_notification.terminal_notifier': Not used on non-Darwin systems
[24.843s] INFO:colcon.colcon_core.plugin_system:Skipping extension 'colcon_notification.desktop_notification.win32': Not used on non-Windows systems
[24.852s] INFO:colcon.colcon_notification.desktop_notification:Sending desktop notification using 'notify2'
[24.857s] DEBUG:colcon.colcon_notification.desktop_notification.notify2:Failed to initialize notify2: org.freedesktop.DBus.Error.FileNotFound: Failed to connect to socket /run/user/1000/bus: No such file or directory
[24.863s] DEBUG:colcon.colcon_core.event_reactor:joined thread
[24.874s] INFO:colcon.colcon_core.shell:Creating prefix script '/mnt/d/ROS2_PROJECTS/autonomous_indoor_robot/install/local_setup.ps1'
[25.060s] INFO:colcon.colcon_core.shell:Creating prefix util module '/mnt/d/ROS2_PROJECTS/autonomous_indoor_robot/install/_local_setup_util_ps1.py'
[25.513s] INFO:colcon.colcon_core.shell:Creating prefix chain script '/mnt/d/ROS2_PROJECTS/autonomous_indoor_robot/install/setup.ps1'
[25.792s] INFO:colcon.colcon_core.shell:Creating prefix script '/mnt/d/ROS2_PROJECTS/autonomous_indoor_robot/install/local_setup.sh'
[26.059s] INFO:colcon.colcon_core.shell:Creating prefix util module '/mnt/d/ROS2_PROJECTS/autonomous_indoor_robot/install/_local_setup_util_sh.py'
[26.251s] INFO:colcon.colcon_core.shell:Creating prefix chain script '/mnt/d/ROS2_PROJECTS/autonomous_indoor_robot/install/setup.sh'
[26.459s] INFO:colcon.colcon_core.shell:Creating prefix script '/mnt/d/ROS2_PROJECTS/autonomous_indoor_robot/install/local_setup.bash'
[26.759s] INFO:colcon.colcon_core.shell:Creating prefix chain script '/mnt/d/ROS2_PROJECTS/autonomous_indoor_robot/install/setup.bash'
[26.974s] INFO:colcon.colcon_core.shell:Creating prefix script '/mnt/d/ROS2_PROJECTS/autonomous_indoor_robot/install/local_setup.zsh'
[27.068s] INFO:colcon.colcon_core.shell:Creating prefix chain script '/mnt/d/ROS2_PROJECTS/autonomous_indoor_robot/install/setup.zsh'
