[0.973s] Invoking command in '/mnt/d/ROS2_PROJECTS/autonomous_indoor_robot/build/indoor_robot': CMAKE_PREFIX_PATH=${CMAKE_PREFIX_PATH}:/opt/ros/humble /usr/bin/cmake --build /mnt/d/ROS2_PROJECTS/autonomous_indoor_robot/build/indoor_robot -- -j12 -l12
[1.999s] Invoked command in '/mnt/d/ROS2_PROJECTS/autonomous_indoor_robot/build/indoor_robot' returned '0': CMAKE_PREFIX_PATH=${CMAKE_PREFIX_PATH}:/opt/ros/humble /usr/bin/cmake --build /mnt/d/ROS2_PROJECTS/autonomous_indoor_robot/build/indoor_robot -- -j12 -l12
[2.186s] Invoking command in '/mnt/d/ROS2_PROJECTS/autonomous_indoor_robot/build/indoor_robot': CMAKE_PREFIX_PATH=${CMAKE_PREFIX_PATH}:/opt/ros/humble /usr/bin/cmake --install /mnt/d/ROS2_PROJECTS/autonomous_indoor_robot/build/indoor_robot
[2.257s] -- Install configuration: ""
[2.478s] -- Execute custom install script
[2.849s] -- Up-to-date symlink: /mnt/d/ROS2_PROJECTS/autonomous_indoor_robot/install/indoor_robot/share/indoor_robot//launch/gazebo.launch.py
[2.983s] -- Up-to-date symlink: /mnt/d/ROS2_PROJECTS/autonomous_indoor_robot/install/indoor_robot/share/indoor_robot//launch/slam.launch.py
[3.351s] -- Up-to-date symlink: /mnt/d/ROS2_PROJECTS/autonomous_indoor_robot/install/indoor_robot/share/indoor_robot//worlds/warehouse.world
[3.652s] -- Up-to-date symlink: /mnt/d/ROS2_PROJECTS/autonomous_indoor_robot/install/indoor_robot/share/indoor_robot//models/robot.urdf.xacro
[4.215s] -- Up-to-date symlink: /mnt/d/ROS2_PROJECTS/autonomous_indoor_robot/install/indoor_robot/share/indoor_robot//config/slam_params.yaml
[4.445s] -- Up-to-date symlink: /mnt/d/ROS2_PROJECTS/autonomous_indoor_robot/install/indoor_robot/share/indoor_robot//rviz/slam.rviz
[4.725s] -- Up-to-date symlink: /mnt/d/ROS2_PROJECTS/autonomous_indoor_robot/install/indoor_robot/share/ament_index/resource_index/package_run_dependencies/indoor_robot
[5.057s] -- Up-to-date symlink: /mnt/d/ROS2_PROJECTS/autonomous_indoor_robot/install/indoor_robot/share/ament_index/resource_index/parent_prefix_path/indoor_robot
[5.249s] -- Up-to-date symlink: /mnt/d/ROS2_PROJECTS/autonomous_indoor_robot/install/indoor_robot/share/indoor_robot/environment/ament_prefix_path.sh
[5.766s] -- Up-to-date symlink: /mnt/d/ROS2_PROJECTS/autonomous_indoor_robot/install/indoor_robot/share/indoor_robot/environment/ament_prefix_path.dsv
[5.914s] -- Up-to-date symlink: /mnt/d/ROS2_PROJECTS/autonomous_indoor_robot/install/indoor_robot/share/indoor_robot/environment/path.sh
[6.074s] -- Up-to-date symlink: /mnt/d/ROS2_PROJECTS/autonomous_indoor_robot/install/indoor_robot/share/indoor_robot/environment/path.dsv
[6.223s] -- Up-to-date symlink: /mnt/d/ROS2_PROJECTS/autonomous_indoor_robot/install/indoor_robot/share/indoor_robot/local_setup.bash
[6.366s] -- Up-to-date symlink: /mnt/d/ROS2_PROJECTS/autonomous_indoor_robot/install/indoor_robot/share/indoor_robot/local_setup.sh
[6.510s] -- Up-to-date symlink: /mnt/d/ROS2_PROJECTS/autonomous_indoor_robot/install/indoor_robot/share/indoor_robot/local_setup.zsh
[7.001s] -- Up-to-date symlink: /mnt/d/ROS2_PROJECTS/autonomous_indoor_robot/install/indoor_robot/share/indoor_robot/local_setup.dsv
[7.130s] -- Symlinking: /mnt/d/ROS2_PROJECTS/autonomous_indoor_robot/install/indoor_robot/share/indoor_robot/package.dsv
[7.552s] -- Up-to-date symlink: /mnt/d/ROS2_PROJECTS/autonomous_indoor_robot/install/indoor_robot/share/ament_index/resource_index/packages/indoor_robot
[7.731s] -- Up-to-date symlink: /mnt/d/ROS2_PROJECTS/autonomous_indoor_robot/install/indoor_robot/share/indoor_robot/cmake/indoor_robotConfig.cmake
[7.896s] -- Up-to-date symlink: /mnt/d/ROS2_PROJECTS/autonomous_indoor_robot/install/indoor_robot/share/indoor_robot/cmake/indoor_robotConfig-version.cmake
[8.047s] -- Up-to-date symlink: /mnt/d/ROS2_PROJECTS/autonomous_indoor_robot/install/indoor_robot/share/indoor_robot/package.xml
[8.079s] Invoked command in '/mnt/d/ROS2_PROJECTS/autonomous_indoor_robot/build/indoor_robot' returned '0': CMAKE_PREFIX_PATH=${CMAKE_PREFIX_PATH}:/opt/ros/humble /usr/bin/cmake --install /mnt/d/ROS2_PROJECTS/autonomous_indoor_robot/build/indoor_robot
