[0.257s] Invoking command in '/mnt/d/ROS2_PROJECTS/autonomous_indoor_robot/build/indoor_robot': CMAKE_PREFIX_PATH=${CMAKE_PREFIX_PATH}:/opt/ros/humble /usr/bin/cmake --build /mnt/d/ROS2_PROJECTS/autonomous_indoor_robot/build/indoor_robot -- -j12 -l12
[0.405s] Invoked command in '/mnt/d/ROS2_PROJECTS/autonomous_indoor_robot/build/indoor_robot' returned '0': CMAKE_PREFIX_PATH=${CMAKE_PREFIX_PATH}:/opt/ros/humble /usr/bin/cmake --build /mnt/d/ROS2_PROJECTS/autonomous_indoor_robot/build/indoor_robot -- -j12 -l12
[0.454s] Invoking command in '/mnt/d/ROS2_PROJECTS/autonomous_indoor_robot/build/indoor_robot': CMAKE_PREFIX_PATH=${CMAKE_PREFIX_PATH}:/opt/ros/humble /usr/bin/cmake --install /mnt/d/ROS2_PROJECTS/autonomous_indoor_robot/build/indoor_robot
[0.471s] -- Install configuration: ""
[0.487s] -- Execute custom install script
[0.558s] -- Up-to-date symlink: /mnt/d/ROS2_PROJECTS/autonomous_indoor_robot/install/indoor_robot/share/indoor_robot//launch/gazebo.launch.py
[0.601s] -- Up-to-date symlink: /mnt/d/ROS2_PROJECTS/autonomous_indoor_robot/install/indoor_robot/share/indoor_robot//launch/slam.launch.py
[0.657s] -- Up-to-date symlink: /mnt/d/ROS2_PROJECTS/autonomous_indoor_robot/install/indoor_robot/share/indoor_robot//worlds/warehouse.world
[0.714s] -- Up-to-date symlink: /mnt/d/ROS2_PROJECTS/autonomous_indoor_robot/install/indoor_robot/share/indoor_robot//models/robot.urdf.xacro
[0.784s] -- Up-to-date symlink: /mnt/d/ROS2_PROJECTS/autonomous_indoor_robot/install/indoor_robot/share/indoor_robot//config/slam_params.yaml
[0.854s] -- Up-to-date symlink: /mnt/d/ROS2_PROJECTS/autonomous_indoor_robot/install/indoor_robot/share/indoor_robot//rviz/slam.rviz
[1.211s] -- Up-to-date symlink: /mnt/d/ROS2_PROJECTS/autonomous_indoor_robot/install/indoor_robot/share/ament_index/resource_index/package_run_dependencies/indoor_robot
[1.439s] -- Up-to-date symlink: /mnt/d/ROS2_PROJECTS/autonomous_indoor_robot/install/indoor_robot/share/ament_index/resource_index/parent_prefix_path/indoor_robot
[1.492s] -- Up-to-date symlink: /mnt/d/ROS2_PROJECTS/autonomous_indoor_robot/install/indoor_robot/share/indoor_robot/environment/ament_prefix_path.sh
[1.540s] -- Up-to-date symlink: /mnt/d/ROS2_PROJECTS/autonomous_indoor_robot/install/indoor_robot/share/indoor_robot/environment/ament_prefix_path.dsv
[1.584s] -- Up-to-date symlink: /mnt/d/ROS2_PROJECTS/autonomous_indoor_robot/install/indoor_robot/share/indoor_robot/environment/path.sh
[1.650s] -- Up-to-date symlink: /mnt/d/ROS2_PROJECTS/autonomous_indoor_robot/install/indoor_robot/share/indoor_robot/environment/path.dsv
[1.701s] -- Up-to-date symlink: /mnt/d/ROS2_PROJECTS/autonomous_indoor_robot/install/indoor_robot/share/indoor_robot/local_setup.bash
[1.830s] -- Up-to-date symlink: /mnt/d/ROS2_PROJECTS/autonomous_indoor_robot/install/indoor_robot/share/indoor_robot/local_setup.sh
[1.939s] -- Up-to-date symlink: /mnt/d/ROS2_PROJECTS/autonomous_indoor_robot/install/indoor_robot/share/indoor_robot/local_setup.zsh
[2.064s] -- Up-to-date symlink: /mnt/d/ROS2_PROJECTS/autonomous_indoor_robot/install/indoor_robot/share/indoor_robot/local_setup.dsv
[2.123s] -- Symlinking: /mnt/d/ROS2_PROJECTS/autonomous_indoor_robot/install/indoor_robot/share/indoor_robot/package.dsv
[2.596s] -- Up-to-date symlink: /mnt/d/ROS2_PROJECTS/autonomous_indoor_robot/install/indoor_robot/share/ament_index/resource_index/packages/indoor_robot
[2.672s] -- Up-to-date symlink: /mnt/d/ROS2_PROJECTS/autonomous_indoor_robot/install/indoor_robot/share/indoor_robot/cmake/indoor_robotConfig.cmake
[2.748s] -- Up-to-date symlink: /mnt/d/ROS2_PROJECTS/autonomous_indoor_robot/install/indoor_robot/share/indoor_robot/cmake/indoor_robotConfig-version.cmake
[2.821s] -- Up-to-date symlink: /mnt/d/ROS2_PROJECTS/autonomous_indoor_robot/install/indoor_robot/share/indoor_robot/package.xml
[2.837s] Invoked command in '/mnt/d/ROS2_PROJECTS/autonomous_indoor_robot/build/indoor_robot' returned '0': CMAKE_PREFIX_PATH=${CMAKE_PREFIX_PATH}:/opt/ros/humble /usr/bin/cmake --install /mnt/d/ROS2_PROJECTS/autonomous_indoor_robot/build/indoor_robot
