[0.844s] DEBUG:colcon:Command line arguments: ['/usr/bin/colcon', 'build', '--packages-select', 'indoor_robot']
[0.844s] DEBUG:colcon:Parsed command line arguments: Namespace(log_base=None, log_level=None, verb_name='build', build_base='build', install_base='install', merge_install=False, symlink_install=False, test_result_base=None, continue_on_error=False, executor='parallel', parallel_workers=12, event_handlers=None, ignore_user_meta=False, metas=['./colcon.meta'], base_paths=['.'], packages_ignore=None, packages_ignore_regex=None, paths=None, packages_up_to=None, packages_up_to_regex=None, packages_above=None, packages_above_and_dependencies=None, packages_above_depth=None, packages_select_by_dep=None, packages_skip_by_dep=None, packages_skip_up_to=None, packages_select_build_failed=False, packages_skip_build_finished=False, packages_select_test_failures=False, packages_skip_test_passed=False, packages_select=['indoor_robot'], packages_skip=None, packages_select_regex=None, packages_skip_regex=None, packages_start=None, packages_end=None, allow_overriding=[], cmake_args=None, cmake_target=None, cmake_target_skip_unavailable=False, cmake_clean_cache=False, cmake_clean_first=False, cmake_force_configure=False, ament_cmake_args=None, catkin_cmake_args=None, catkin_skip_building_tests=False, verb_parser=<colcon_defaults.argument_parser.defaults.DefaultArgumentsDecorator object at 0x7b4af4c236d0>, verb_extension=<colcon_core.verb.build.BuildVerb object at 0x7b4af4c23190>, main=<bound method BuildVerb.main of <colcon_core.verb.build.BuildVerb object at 0x7b4af4c23190>>)
[1.185s] Level 1:colcon.colcon_core.package_discovery:discover_packages(colcon_meta) check parameters
[1.186s] Level 1:colcon.colcon_core.package_discovery:discover_packages(recursive) check parameters
[1.187s] Level 1:colcon.colcon_core.package_discovery:discover_packages(ignore) check parameters
[1.188s] Level 1:colcon.colcon_core.package_discovery:discover_packages(path) check parameters
[1.188s] Level 1:colcon.colcon_core.package_discovery:discover_packages(colcon_meta) discover
[1.190s] Level 1:colcon.colcon_core.package_discovery:discover_packages(recursive) discover
[1.190s] INFO:colcon.colcon_core.package_discovery:Crawling recursively for packages in '/mnt/d/ROS2_PROJECTS/autonomous_indoor_robot'
[1.194s] Level 1:colcon.colcon_core.package_identification:_identify(.) by extensions ['ignore', 'ignore_ament_install']
[1.195s] Level 1:colcon.colcon_core.package_identification:_identify(.) by extension 'ignore'
[1.196s] Level 1:colcon.colcon_core.package_identification:_identify(.) by extension 'ignore_ament_install'
[1.198s] Level 1:colcon.colcon_core.package_identification:_identify(.) by extensions ['colcon_pkg']
[1.199s] Level 1:colcon.colcon_core.package_identification:_identify(.) by extension 'colcon_pkg'
[1.200s] Level 1:colcon.colcon_core.package_identification:_identify(.) by extensions ['colcon_meta']
[1.201s] Level 1:colcon.colcon_core.package_identification:_identify(.) by extension 'colcon_meta'
[1.202s] Level 1:colcon.colcon_core.package_identification:_identify(.) by extensions ['ros']
[1.203s] Level 1:colcon.colcon_core.package_identification:_identify(.) by extension 'ros'
[1.224s] Level 1:colcon.colcon_core.package_identification:_identify(.) by extensions ['cmake', 'python']
[1.224s] Level 1:colcon.colcon_core.package_identification:_identify(.) by extension 'cmake'
[1.226s] Level 1:colcon.colcon_core.package_identification:_identify(.) by extension 'python'
[1.227s] Level 1:colcon.colcon_core.package_identification:_identify(.) by extensions ['python_setup_py']
[1.228s] Level 1:colcon.colcon_core.package_identification:_identify(.) by extension 'python_setup_py'
[1.237s] Level 1:colcon.colcon_core.package_identification:_identify(build) by extensions ['ignore', 'ignore_ament_install']
[1.237s] Level 1:colcon.colcon_core.package_identification:_identify(build) by extension 'ignore'
[1.243s] Level 1:colcon.colcon_core.package_identification:_identify(build) ignored
[1.250s] Level 1:colcon.colcon_core.package_identification:_identify(install) by extensions ['ignore', 'ignore_ament_install']
[1.250s] Level 1:colcon.colcon_core.package_identification:_identify(install) by extension 'ignore'
[1.255s] Level 1:colcon.colcon_core.package_identification:_identify(install) ignored
[1.267s] Level 1:colcon.colcon_core.package_identification:_identify(log) by extensions ['ignore', 'ignore_ament_install']
[1.268s] Level 1:colcon.colcon_core.package_identification:_identify(log) by extension 'ignore'
[1.271s] Level 1:colcon.colcon_core.package_identification:_identify(log) ignored
[1.279s] Level 1:colcon.colcon_core.package_identification:_identify(src) by extensions ['ignore', 'ignore_ament_install']
[1.280s] Level 1:colcon.colcon_core.package_identification:_identify(src) by extension 'ignore'
[1.282s] Level 1:colcon.colcon_core.package_identification:_identify(src) by extension 'ignore_ament_install'
[1.287s] Level 1:colcon.colcon_core.package_identification:_identify(src) by extensions ['colcon_pkg']
[1.288s] Level 1:colcon.colcon_core.package_identification:_identify(src) by extension 'colcon_pkg'
[1.291s] Level 1:colcon.colcon_core.package_identification:_identify(src) by extensions ['colcon_meta']
[1.292s] Level 1:colcon.colcon_core.package_identification:_identify(src) by extension 'colcon_meta'
[1.294s] Level 1:colcon.colcon_core.package_identification:_identify(src) by extensions ['ros']
[1.294s] Level 1:colcon.colcon_core.package_identification:_identify(src) by extension 'ros'
[1.306s] Level 1:colcon.colcon_core.package_identification:_identify(src) by extensions ['cmake', 'python']
[1.306s] Level 1:colcon.colcon_core.package_identification:_identify(src) by extension 'cmake'
[1.310s] Level 1:colcon.colcon_core.package_identification:_identify(src) by extension 'python'
[1.313s] Level 1:colcon.colcon_core.package_identification:_identify(src) by extensions ['python_setup_py']
[1.314s] Level 1:colcon.colcon_core.package_identification:_identify(src) by extension 'python_setup_py'
[1.325s] Level 1:colcon.colcon_core.package_identification:_identify(src/indoor_robot) by extensions ['ignore', 'ignore_ament_install']
[1.325s] Level 1:colcon.colcon_core.package_identification:_identify(src/indoor_robot) by extension 'ignore'
[1.328s] Level 1:colcon.colcon_core.package_identification:_identify(src/indoor_robot) by extension 'ignore_ament_install'
[1.335s] Level 1:colcon.colcon_core.package_identification:_identify(src/indoor_robot) by extensions ['colcon_pkg']
[1.335s] Level 1:colcon.colcon_core.package_identification:_identify(src/indoor_robot) by extension 'colcon_pkg'
[1.340s] Level 1:colcon.colcon_core.package_identification:_identify(src/indoor_robot) by extensions ['colcon_meta']
[1.341s] Level 1:colcon.colcon_core.package_identification:_identify(src/indoor_robot) by extension 'colcon_meta'
[1.349s] Level 1:colcon.colcon_core.package_identification:_identify(src/indoor_robot) by extensions ['ros']
[1.350s] Level 1:colcon.colcon_core.package_identification:_identify(src/indoor_robot) by extension 'ros'
[1.646s] DEBUG:colcon.colcon_core.package_identification:Package 'src/indoor_robot' with type 'ros.ament_cmake' and name 'indoor_robot'
[1.647s] Level 1:colcon.colcon_core.package_discovery:discover_packages(recursive) using defaults
[1.647s] Level 1:colcon.colcon_core.package_discovery:discover_packages(ignore) discover
[1.648s] Level 1:colcon.colcon_core.package_discovery:discover_packages(ignore) using defaults
[1.648s] Level 1:colcon.colcon_core.package_discovery:discover_packages(path) discover
[1.648s] Level 1:colcon.colcon_core.package_discovery:discover_packages(path) using defaults
[1.686s] Level 1:colcon.colcon_core.package_discovery:discover_packages(prefix_path) check parameters
[1.686s] Level 1:colcon.colcon_core.package_discovery:discover_packages(prefix_path) discover
[1.738s] DEBUG:colcon.colcon_installed_package_information.package_discovery:Found 1 installed packages in /mnt/d/ROS2_PROJECTS/autonomous_indoor_robot/install
[1.799s] DEBUG:colcon.colcon_installed_package_information.package_discovery:Found 0 installed packages in /mnt/d/ros2_projects/ros2_ws/install
[1.801s] DEBUG:colcon.colcon_installed_package_information.package_discovery:Found 303 installed packages in /opt/ros/humble
[1.814s] Level 1:colcon.colcon_core.package_discovery:discover_packages(prefix_path) using defaults
[1.882s] Level 5:colcon.colcon_core.verb:set package 'indoor_robot' build argument 'cmake_args' from command line to 'None'
[1.883s] Level 5:colcon.colcon_core.verb:set package 'indoor_robot' build argument 'cmake_target' from command line to 'None'
[1.883s] Level 5:colcon.colcon_core.verb:set package 'indoor_robot' build argument 'cmake_target_skip_unavailable' from command line to 'False'
[1.885s] Level 5:colcon.colcon_core.verb:set package 'indoor_robot' build argument 'cmake_clean_cache' from command line to 'False'
[1.886s] Level 5:colcon.colcon_core.verb:set package 'indoor_robot' build argument 'cmake_clean_first' from command line to 'False'
[1.886s] Level 5:colcon.colcon_core.verb:set package 'indoor_robot' build argument 'cmake_force_configure' from command line to 'False'
[1.886s] Level 5:colcon.colcon_core.verb:set package 'indoor_robot' build argument 'ament_cmake_args' from command line to 'None'
[1.887s] Level 5:colcon.colcon_core.verb:set package 'indoor_robot' build argument 'catkin_cmake_args' from command line to 'None'
[1.888s] Level 5:colcon.colcon_core.verb:set package 'indoor_robot' build argument 'catkin_skip_building_tests' from command line to 'False'
[1.888s] DEBUG:colcon.colcon_core.verb:Building package 'indoor_robot' with the following arguments: {'ament_cmake_args': None, 'build_base': '/mnt/d/ROS2_PROJECTS/autonomous_indoor_robot/build/indoor_robot', 'catkin_cmake_args': None, 'catkin_skip_building_tests': False, 'cmake_args': None, 'cmake_clean_cache': False, 'cmake_clean_first': False, 'cmake_force_configure': False, 'cmake_target': None, 'cmake_target_skip_unavailable': False, 'install_base': '/mnt/d/ROS2_PROJECTS/autonomous_indoor_robot/install/indoor_robot', 'merge_install': False, 'path': '/mnt/d/ROS2_PROJECTS/autonomous_indoor_robot/src/indoor_robot', 'symlink_install': False, 'test_result_base': None}
[1.889s] INFO:colcon.colcon_core.executor:Executing jobs using 'parallel' executor
[1.890s] DEBUG:colcon.colcon_parallel_executor.executor.parallel:run_until_complete
[1.892s] INFO:colcon.colcon_ros.task.ament_cmake.build:Building ROS package in '/mnt/d/ROS2_PROJECTS/autonomous_indoor_robot/src/indoor_robot' with build type 'ament_cmake'
[1.893s] INFO:colcon.colcon_cmake.task.cmake.build:Building CMake package in '/mnt/d/ROS2_PROJECTS/autonomous_indoor_robot/src/indoor_robot'
[1.905s] INFO:colcon.colcon_core.plugin_system:Skipping extension 'colcon_core.shell.bat': Not used on non-Windows systems
[1.906s] INFO:colcon.colcon_core.shell:Skip shell extension 'powershell' for command environment: Not usable outside of PowerShell
[1.907s] DEBUG:colcon.colcon_core.shell:Skip shell extension 'dsv' for command environment
[2.161s] DEBUG:colcon.colcon_core.event_handler.log_command:Invoking command in '/mnt/d/ROS2_PROJECTS/autonomous_indoor_robot/build/indoor_robot': CMAKE_PREFIX_PATH=${CMAKE_PREFIX_PATH}:/opt/ros/humble /usr/bin/cmake --build /mnt/d/ROS2_PROJECTS/autonomous_indoor_robot/build/indoor_robot -- -j12 -l12
[2.401s] DEBUG:colcon.colcon_core.event_handler.log_command:Invoked command in '/mnt/d/ROS2_PROJECTS/autonomous_indoor_robot/build/indoor_robot' returned '0': CMAKE_PREFIX_PATH=${CMAKE_PREFIX_PATH}:/opt/ros/humble /usr/bin/cmake --build /mnt/d/ROS2_PROJECTS/autonomous_indoor_robot/build/indoor_robot -- -j12 -l12
[2.524s] DEBUG:colcon.colcon_core.event_handler.log_command:Invoking command in '/mnt/d/ROS2_PROJECTS/autonomous_indoor_robot/build/indoor_robot': CMAKE_PREFIX_PATH=${CMAKE_PREFIX_PATH}:/opt/ros/humble /usr/bin/cmake --install /mnt/d/ROS2_PROJECTS/autonomous_indoor_robot/build/indoor_robot
[4.223s] Level 1:colcon.colcon_core.environment:create_environment_scripts_only(indoor_robot)
[4.227s] DEBUG:colcon.colcon_core.event_handler.log_command:Invoked command in '/mnt/d/ROS2_PROJECTS/autonomous_indoor_robot/build/indoor_robot' returned '0': CMAKE_PREFIX_PATH=${CMAKE_PREFIX_PATH}:/opt/ros/humble /usr/bin/cmake --install /mnt/d/ROS2_PROJECTS/autonomous_indoor_robot/build/indoor_robot
[4.240s] Level 1:colcon.colcon_core.environment:checking '/mnt/d/ROS2_PROJECTS/autonomous_indoor_robot/install/indoor_robot' for CMake module files
[4.498s] Level 1:colcon.colcon_core.environment:checking '/mnt/d/ROS2_PROJECTS/autonomous_indoor_robot/install/indoor_robot' for CMake config files
[4.654s] Level 1:colcon.colcon_core.shell:create_environment_hook('indoor_robot', 'cmake_prefix_path')
[4.654s] INFO:colcon.colcon_core.shell:Creating environment hook '/mnt/d/ROS2_PROJECTS/autonomous_indoor_robot/install/indoor_robot/share/indoor_robot/hook/cmake_prefix_path.ps1'
[4.678s] INFO:colcon.colcon_core.shell:Creating environment descriptor '/mnt/d/ROS2_PROJECTS/autonomous_indoor_robot/install/indoor_robot/share/indoor_robot/hook/cmake_prefix_path.dsv'
[4.700s] INFO:colcon.colcon_core.shell:Creating environment hook '/mnt/d/ROS2_PROJECTS/autonomous_indoor_robot/install/indoor_robot/share/indoor_robot/hook/cmake_prefix_path.sh'
[4.725s] Level 1:colcon.colcon_core.environment:checking '/mnt/d/ROS2_PROJECTS/autonomous_indoor_robot/install/indoor_robot/bin'
[4.727s] Level 1:colcon.colcon_core.environment:checking '/mnt/d/ROS2_PROJECTS/autonomous_indoor_robot/install/indoor_robot/lib/pkgconfig/indoor_robot.pc'
[4.729s] Level 1:colcon.colcon_core.environment:checking '/mnt/d/ROS2_PROJECTS/autonomous_indoor_robot/install/indoor_robot/lib/python3.10/site-packages'
[4.731s] Level 1:colcon.colcon_core.environment:checking '/mnt/d/ROS2_PROJECTS/autonomous_indoor_robot/install/indoor_robot/bin'
[4.734s] INFO:colcon.colcon_core.shell:Creating package script '/mnt/d/ROS2_PROJECTS/autonomous_indoor_robot/install/indoor_robot/share/indoor_robot/package.ps1'
[4.764s] INFO:colcon.colcon_core.shell:Creating package descriptor '/mnt/d/ROS2_PROJECTS/autonomous_indoor_robot/install/indoor_robot/share/indoor_robot/package.dsv'
[4.792s] INFO:colcon.colcon_core.shell:Creating package script '/mnt/d/ROS2_PROJECTS/autonomous_indoor_robot/install/indoor_robot/share/indoor_robot/package.sh'
[4.823s] INFO:colcon.colcon_core.shell:Creating package script '/mnt/d/ROS2_PROJECTS/autonomous_indoor_robot/install/indoor_robot/share/indoor_robot/package.bash'
[4.851s] INFO:colcon.colcon_core.shell:Creating package script '/mnt/d/ROS2_PROJECTS/autonomous_indoor_robot/install/indoor_robot/share/indoor_robot/package.zsh'
[4.878s] Level 1:colcon.colcon_core.environment:create_file_with_runtime_dependencies(/mnt/d/ROS2_PROJECTS/autonomous_indoor_robot/install/indoor_robot/share/colcon-core/packages/indoor_robot)
[5.167s] Level 1:colcon.colcon_core.environment:create_environment_scripts_only(indoor_robot)
[5.168s] Level 1:colcon.colcon_core.environment:checking '/mnt/d/ROS2_PROJECTS/autonomous_indoor_robot/install/indoor_robot' for CMake module files
[5.314s] Level 1:colcon.colcon_core.environment:checking '/mnt/d/ROS2_PROJECTS/autonomous_indoor_robot/install/indoor_robot' for CMake config files
[5.443s] Level 1:colcon.colcon_core.shell:create_environment_hook('indoor_robot', 'cmake_prefix_path')
[5.444s] INFO:colcon.colcon_core.shell:Creating environment hook '/mnt/d/ROS2_PROJECTS/autonomous_indoor_robot/install/indoor_robot/share/indoor_robot/hook/cmake_prefix_path.ps1'
[5.463s] INFO:colcon.colcon_core.shell:Creating environment descriptor '/mnt/d/ROS2_PROJECTS/autonomous_indoor_robot/install/indoor_robot/share/indoor_robot/hook/cmake_prefix_path.dsv'
[5.486s] INFO:colcon.colcon_core.shell:Creating environment hook '/mnt/d/ROS2_PROJECTS/autonomous_indoor_robot/install/indoor_robot/share/indoor_robot/hook/cmake_prefix_path.sh'
[5.514s] Level 1:colcon.colcon_core.environment:checking '/mnt/d/ROS2_PROJECTS/autonomous_indoor_robot/install/indoor_robot/bin'
[5.517s] Level 1:colcon.colcon_core.environment:checking '/mnt/d/ROS2_PROJECTS/autonomous_indoor_robot/install/indoor_robot/lib/pkgconfig/indoor_robot.pc'
[5.520s] Level 1:colcon.colcon_core.environment:checking '/mnt/d/ROS2_PROJECTS/autonomous_indoor_robot/install/indoor_robot/lib/python3.10/site-packages'
[5.523s] Level 1:colcon.colcon_core.environment:checking '/mnt/d/ROS2_PROJECTS/autonomous_indoor_robot/install/indoor_robot/bin'
[5.526s] INFO:colcon.colcon_core.shell:Creating package script '/mnt/d/ROS2_PROJECTS/autonomous_indoor_robot/install/indoor_robot/share/indoor_robot/package.ps1'
[5.546s] INFO:colcon.colcon_core.shell:Creating package descriptor '/mnt/d/ROS2_PROJECTS/autonomous_indoor_robot/install/indoor_robot/share/indoor_robot/package.dsv'
[5.567s] INFO:colcon.colcon_core.shell:Creating package script '/mnt/d/ROS2_PROJECTS/autonomous_indoor_robot/install/indoor_robot/share/indoor_robot/package.sh'
[5.591s] INFO:colcon.colcon_core.shell:Creating package script '/mnt/d/ROS2_PROJECTS/autonomous_indoor_robot/install/indoor_robot/share/indoor_robot/package.bash'
[5.614s] INFO:colcon.colcon_core.shell:Creating package script '/mnt/d/ROS2_PROJECTS/autonomous_indoor_robot/install/indoor_robot/share/indoor_robot/package.zsh'
[5.635s] Level 1:colcon.colcon_core.environment:create_file_with_runtime_dependencies(/mnt/d/ROS2_PROJECTS/autonomous_indoor_robot/install/indoor_robot/share/colcon-core/packages/indoor_robot)
[5.651s] DEBUG:colcon.colcon_parallel_executor.executor.parallel:closing loop
[5.652s] DEBUG:colcon.colcon_parallel_executor.executor.parallel:loop closed
[5.653s] DEBUG:colcon.colcon_parallel_executor.executor.parallel:run_until_complete finished with '0'
[5.654s] DEBUG:colcon.colcon_core.event_reactor:joining thread
[5.759s] INFO:colcon.colcon_core.plugin_system:Skipping extension 'colcon_notification.desktop_notification.notify_send': Could not find 'notify-send'
[5.760s] INFO:colcon.colcon_core.plugin_system:Skipping extension 'colcon_notification.desktop_notification.terminal_notifier': Not used on non-Darwin systems
[5.760s] INFO:colcon.colcon_core.plugin_system:Skipping extension 'colcon_notification.desktop_notification.win32': Not used on non-Windows systems
[5.760s] INFO:colcon.colcon_notification.desktop_notification:Sending desktop notification using 'notify2'
[5.761s] DEBUG:colcon.colcon_notification.desktop_notification.notify2:Failed to initialize notify2: org.freedesktop.DBus.Error.FileNotFound: Failed to connect to socket /run/user/1000/bus: No such file or directory
[5.761s] DEBUG:colcon.colcon_core.event_reactor:joined thread
[5.762s] INFO:colcon.colcon_core.shell:Creating prefix script '/mnt/d/ROS2_PROJECTS/autonomous_indoor_robot/install/local_setup.ps1'
[5.770s] INFO:colcon.colcon_core.shell:Creating prefix util module '/mnt/d/ROS2_PROJECTS/autonomous_indoor_robot/install/_local_setup_util_ps1.py'
[5.778s] INFO:colcon.colcon_core.shell:Creating prefix chain script '/mnt/d/ROS2_PROJECTS/autonomous_indoor_robot/install/setup.ps1'
[5.801s] INFO:colcon.colcon_core.shell:Creating prefix script '/mnt/d/ROS2_PROJECTS/autonomous_indoor_robot/install/local_setup.sh'
[5.812s] INFO:colcon.colcon_core.shell:Creating prefix util module '/mnt/d/ROS2_PROJECTS/autonomous_indoor_robot/install/_local_setup_util_sh.py'
[5.824s] INFO:colcon.colcon_core.shell:Creating prefix chain script '/mnt/d/ROS2_PROJECTS/autonomous_indoor_robot/install/setup.sh'
[5.850s] INFO:colcon.colcon_core.shell:Creating prefix script '/mnt/d/ROS2_PROJECTS/autonomous_indoor_robot/install/local_setup.bash'
[5.857s] INFO:colcon.colcon_core.shell:Creating prefix chain script '/mnt/d/ROS2_PROJECTS/autonomous_indoor_robot/install/setup.bash'
[5.876s] INFO:colcon.colcon_core.shell:Creating prefix script '/mnt/d/ROS2_PROJECTS/autonomous_indoor_robot/install/local_setup.zsh'
[5.890s] INFO:colcon.colcon_core.shell:Creating prefix chain script '/mnt/d/ROS2_PROJECTS/autonomous_indoor_robot/install/setup.zsh'
