[1.352s] DEBUG:colcon:Command line arguments: ['/usr/bin/colcon', 'build', '--packages-select', 'indoor_robot']
[1.353s] DEBUG:colcon:Parsed command line arguments: Namespace(log_base=None, log_level=None, verb_name='build', build_base='build', install_base='install', merge_install=False, symlink_install=False, test_result_base=None, continue_on_error=False, executor='parallel', parallel_workers=12, event_handlers=None, ignore_user_meta=False, metas=['./colcon.meta'], base_paths=['.'], packages_ignore=None, packages_ignore_regex=None, paths=None, packages_up_to=None, packages_up_to_regex=None, packages_above=None, packages_above_and_dependencies=None, packages_above_depth=None, packages_select_by_dep=None, packages_skip_by_dep=None, packages_skip_up_to=None, packages_select_build_failed=False, packages_skip_build_finished=False, packages_select_test_failures=False, packages_skip_test_passed=False, packages_select=['indoor_robot'], packages_skip=None, packages_select_regex=None, packages_skip_regex=None, packages_start=None, packages_end=None, allow_overriding=[], cmake_args=None, cmake_target=None, cmake_target_skip_unavailable=False, cmake_clean_cache=False, cmake_clean_first=False, cmake_force_configure=False, ament_cmake_args=None, catkin_cmake_args=None, catkin_skip_building_tests=False, verb_parser=<colcon_defaults.argument_parser.defaults.DefaultArgumentsDecorator object at 0x74d58a21f6d0>, verb_extension=<colcon_core.verb.build.BuildVerb object at 0x74d58a21f190>, main=<bound method BuildVerb.main of <colcon_core.verb.build.BuildVerb object at 0x74d58a21f190>>)
[2.173s] Level 1:colcon.colcon_core.package_discovery:discover_packages(colcon_meta) check parameters
[2.204s] Level 1:colcon.colcon_core.package_discovery:discover_packages(recursive) check parameters
[2.321s] Level 1:colcon.colcon_core.package_discovery:discover_packages(ignore) check parameters
[2.332s] Level 1:colcon.colcon_core.package_discovery:discover_packages(path) check parameters
[2.344s] Level 1:colcon.colcon_core.package_discovery:discover_packages(colcon_meta) discover
[2.348s] Level 1:colcon.colcon_core.package_discovery:discover_packages(recursive) discover
[2.353s] INFO:colcon.colcon_core.package_discovery:Crawling recursively for packages in '/mnt/d/ROS2_PROJECTS/autonomous_indoor_robot'
[2.377s] Level 1:colcon.colcon_core.package_identification:_identify(.) by extensions ['ignore', 'ignore_ament_install']
[2.383s] Level 1:colcon.colcon_core.package_identification:_identify(.) by extension 'ignore'
[2.395s] Level 1:colcon.colcon_core.package_identification:_identify(.) by extension 'ignore_ament_install'
[2.405s] Level 1:colcon.colcon_core.package_identification:_identify(.) by extensions ['colcon_pkg']
[2.410s] Level 1:colcon.colcon_core.package_identification:_identify(.) by extension 'colcon_pkg'
[2.413s] Level 1:colcon.colcon_core.package_identification:_identify(.) by extensions ['colcon_meta']
[2.414s] Level 1:colcon.colcon_core.package_identification:_identify(.) by extension 'colcon_meta'
[2.415s] Level 1:colcon.colcon_core.package_identification:_identify(.) by extensions ['ros']
[2.417s] Level 1:colcon.colcon_core.package_identification:_identify(.) by extension 'ros'
[2.487s] Level 1:colcon.colcon_core.package_identification:_identify(.) by extensions ['cmake', 'python']
[2.488s] Level 1:colcon.colcon_core.package_identification:_identify(.) by extension 'cmake'
[2.490s] Level 1:colcon.colcon_core.package_identification:_identify(.) by extension 'python'
[2.491s] Level 1:colcon.colcon_core.package_identification:_identify(.) by extensions ['python_setup_py']
[2.493s] Level 1:colcon.colcon_core.package_identification:_identify(.) by extension 'python_setup_py'
[2.507s] Level 1:colcon.colcon_core.package_identification:_identify(build) by extensions ['ignore', 'ignore_ament_install']
[2.508s] Level 1:colcon.colcon_core.package_identification:_identify(build) by extension 'ignore'
[2.514s] Level 1:colcon.colcon_core.package_identification:_identify(build) ignored
[2.528s] Level 1:colcon.colcon_core.package_identification:_identify(install) by extensions ['ignore', 'ignore_ament_install']
[2.529s] Level 1:colcon.colcon_core.package_identification:_identify(install) by extension 'ignore'
[2.535s] Level 1:colcon.colcon_core.package_identification:_identify(install) ignored
[2.556s] Level 1:colcon.colcon_core.package_identification:_identify(log) by extensions ['ignore', 'ignore_ament_install']
[2.558s] Level 1:colcon.colcon_core.package_identification:_identify(log) by extension 'ignore'
[2.563s] Level 1:colcon.colcon_core.package_identification:_identify(log) ignored
[2.571s] Level 1:colcon.colcon_core.package_identification:_identify(src) by extensions ['ignore', 'ignore_ament_install']
[2.572s] Level 1:colcon.colcon_core.package_identification:_identify(src) by extension 'ignore'
[2.573s] Level 1:colcon.colcon_core.package_identification:_identify(src) by extension 'ignore_ament_install'
[2.576s] Level 1:colcon.colcon_core.package_identification:_identify(src) by extensions ['colcon_pkg']
[2.577s] Level 1:colcon.colcon_core.package_identification:_identify(src) by extension 'colcon_pkg'
[2.578s] Level 1:colcon.colcon_core.package_identification:_identify(src) by extensions ['colcon_meta']
[2.579s] Level 1:colcon.colcon_core.package_identification:_identify(src) by extension 'colcon_meta'
[2.580s] Level 1:colcon.colcon_core.package_identification:_identify(src) by extensions ['ros']
[2.581s] Level 1:colcon.colcon_core.package_identification:_identify(src) by extension 'ros'
[2.584s] Level 1:colcon.colcon_core.package_identification:_identify(src) by extensions ['cmake', 'python']
[2.585s] Level 1:colcon.colcon_core.package_identification:_identify(src) by extension 'cmake'
[2.587s] Level 1:colcon.colcon_core.package_identification:_identify(src) by extension 'python'
[2.588s] Level 1:colcon.colcon_core.package_identification:_identify(src) by extensions ['python_setup_py']
[2.588s] Level 1:colcon.colcon_core.package_identification:_identify(src) by extension 'python_setup_py'
[2.595s] Level 1:colcon.colcon_core.package_identification:_identify(src/indoor_robot) by extensions ['ignore', 'ignore_ament_install']
[2.596s] Level 1:colcon.colcon_core.package_identification:_identify(src/indoor_robot) by extension 'ignore'
[2.598s] Level 1:colcon.colcon_core.package_identification:_identify(src/indoor_robot) by extension 'ignore_ament_install'
[2.601s] Level 1:colcon.colcon_core.package_identification:_identify(src/indoor_robot) by extensions ['colcon_pkg']
[2.602s] Level 1:colcon.colcon_core.package_identification:_identify(src/indoor_robot) by extension 'colcon_pkg'
[2.603s] Level 1:colcon.colcon_core.package_identification:_identify(src/indoor_robot) by extensions ['colcon_meta']
[2.603s] Level 1:colcon.colcon_core.package_identification:_identify(src/indoor_robot) by extension 'colcon_meta'
[2.605s] Level 1:colcon.colcon_core.package_identification:_identify(src/indoor_robot) by extensions ['ros']
[2.606s] Level 1:colcon.colcon_core.package_identification:_identify(src/indoor_robot) by extension 'ros'
[2.639s] DEBUG:colcon.colcon_core.package_identification:Package 'src/indoor_robot' with type 'ros.ament_cmake' and name 'indoor_robot'
[2.641s] Level 1:colcon.colcon_core.package_discovery:discover_packages(recursive) using defaults
[2.643s] Level 1:colcon.colcon_core.package_discovery:discover_packages(ignore) discover
[2.644s] Level 1:colcon.colcon_core.package_discovery:discover_packages(ignore) using defaults
[2.645s] Level 1:colcon.colcon_core.package_discovery:discover_packages(path) discover
[2.646s] Level 1:colcon.colcon_core.package_discovery:discover_packages(path) using defaults
[2.719s] Level 1:colcon.colcon_core.package_discovery:discover_packages(prefix_path) check parameters
[2.720s] Level 1:colcon.colcon_core.package_discovery:discover_packages(prefix_path) discover
[2.941s] DEBUG:colcon.colcon_installed_package_information.package_discovery:Found 1 installed packages in /mnt/d/ROS2_PROJECTS/autonomous_indoor_robot/install
[3.180s] DEBUG:colcon.colcon_installed_package_information.package_discovery:Found 0 installed packages in /mnt/d/ros2_projects/ros2_ws/install
[3.188s] DEBUG:colcon.colcon_installed_package_information.package_discovery:Found 303 installed packages in /opt/ros/humble
[3.246s] Level 1:colcon.colcon_core.package_discovery:discover_packages(prefix_path) using defaults
[4.770s] Level 5:colcon.colcon_core.verb:set package 'indoor_robot' build argument 'cmake_args' from command line to 'None'
[4.771s] Level 5:colcon.colcon_core.verb:set package 'indoor_robot' build argument 'cmake_target' from command line to 'None'
[4.773s] Level 5:colcon.colcon_core.verb:set package 'indoor_robot' build argument 'cmake_target_skip_unavailable' from command line to 'False'
[4.774s] Level 5:colcon.colcon_core.verb:set package 'indoor_robot' build argument 'cmake_clean_cache' from command line to 'False'
[4.776s] Level 5:colcon.colcon_core.verb:set package 'indoor_robot' build argument 'cmake_clean_first' from command line to 'False'
[4.778s] Level 5:colcon.colcon_core.verb:set package 'indoor_robot' build argument 'cmake_force_configure' from command line to 'False'
[4.783s] Level 5:colcon.colcon_core.verb:set package 'indoor_robot' build argument 'ament_cmake_args' from command line to 'None'
[4.784s] Level 5:colcon.colcon_core.verb:set package 'indoor_robot' build argument 'catkin_cmake_args' from command line to 'None'
[4.785s] Level 5:colcon.colcon_core.verb:set package 'indoor_robot' build argument 'catkin_skip_building_tests' from command line to 'False'
[4.786s] DEBUG:colcon.colcon_core.verb:Building package 'indoor_robot' with the following arguments: {'ament_cmake_args': None, 'build_base': '/mnt/d/ROS2_PROJECTS/autonomous_indoor_robot/build/indoor_robot', 'catkin_cmake_args': None, 'catkin_skip_building_tests': False, 'cmake_args': None, 'cmake_clean_cache': False, 'cmake_clean_first': False, 'cmake_force_configure': False, 'cmake_target': None, 'cmake_target_skip_unavailable': False, 'install_base': '/mnt/d/ROS2_PROJECTS/autonomous_indoor_robot/install/indoor_robot', 'merge_install': False, 'path': '/mnt/d/ROS2_PROJECTS/autonomous_indoor_robot/src/indoor_robot', 'symlink_install': False, 'test_result_base': None}
[4.789s] INFO:colcon.colcon_core.executor:Executing jobs using 'parallel' executor
[4.797s] DEBUG:colcon.colcon_parallel_executor.executor.parallel:run_until_complete
[4.819s] INFO:colcon.colcon_ros.task.ament_cmake.build:Building ROS package in '/mnt/d/ROS2_PROJECTS/autonomous_indoor_robot/src/indoor_robot' with build type 'ament_cmake'
[4.828s] INFO:colcon.colcon_cmake.task.cmake.build:Building CMake package in '/mnt/d/ROS2_PROJECTS/autonomous_indoor_robot/src/indoor_robot'
[4.841s] INFO:colcon.colcon_core.plugin_system:Skipping extension 'colcon_core.shell.bat': Not used on non-Windows systems
[4.848s] INFO:colcon.colcon_core.shell:Skip shell extension 'powershell' for command environment: Not usable outside of PowerShell
[4.854s] DEBUG:colcon.colcon_core.shell:Skip shell extension 'dsv' for command environment
[7.236s] DEBUG:colcon.colcon_core.event_handler.log_command:Invoking command in '/mnt/d/ROS2_PROJECTS/autonomous_indoor_robot/build/indoor_robot': CMAKE_PREFIX_PATH=${CMAKE_PREFIX_PATH}:/opt/ros/humble /usr/bin/cmake --build /mnt/d/ROS2_PROJECTS/autonomous_indoor_robot/build/indoor_robot -- -j12 -l12
[8.163s] DEBUG:colcon.colcon_core.event_handler.log_command:Invoked command in '/mnt/d/ROS2_PROJECTS/autonomous_indoor_robot/build/indoor_robot' returned '0': CMAKE_PREFIX_PATH=${CMAKE_PREFIX_PATH}:/opt/ros/humble /usr/bin/cmake --build /mnt/d/ROS2_PROJECTS/autonomous_indoor_robot/build/indoor_robot -- -j12 -l12
[8.332s] DEBUG:colcon.colcon_core.event_handler.log_command:Invoking command in '/mnt/d/ROS2_PROJECTS/autonomous_indoor_robot/build/indoor_robot': CMAKE_PREFIX_PATH=${CMAKE_PREFIX_PATH}:/opt/ros/humble /usr/bin/cmake --install /mnt/d/ROS2_PROJECTS/autonomous_indoor_robot/build/indoor_robot
[13.051s] Level 1:colcon.colcon_core.environment:create_environment_scripts_only(indoor_robot)
[13.058s] Level 1:colcon.colcon_core.environment:checking '/mnt/d/ROS2_PROJECTS/autonomous_indoor_robot/install/indoor_robot' for CMake module files
[13.068s] DEBUG:colcon.colcon_core.event_handler.log_command:Invoked command in '/mnt/d/ROS2_PROJECTS/autonomous_indoor_robot/build/indoor_robot' returned '0': CMAKE_PREFIX_PATH=${CMAKE_PREFIX_PATH}:/opt/ros/humble /usr/bin/cmake --install /mnt/d/ROS2_PROJECTS/autonomous_indoor_robot/build/indoor_robot
[13.528s] Level 1:colcon.colcon_core.environment:checking '/mnt/d/ROS2_PROJECTS/autonomous_indoor_robot/install/indoor_robot' for CMake config files
[14.448s] Level 1:colcon.colcon_core.shell:create_environment_hook('indoor_robot', 'cmake_prefix_path')
[14.450s] INFO:colcon.colcon_core.shell:Creating environment hook '/mnt/d/ROS2_PROJECTS/autonomous_indoor_robot/install/indoor_robot/share/indoor_robot/hook/cmake_prefix_path.ps1'
[14.511s] INFO:colcon.colcon_core.shell:Creating environment descriptor '/mnt/d/ROS2_PROJECTS/autonomous_indoor_robot/install/indoor_robot/share/indoor_robot/hook/cmake_prefix_path.dsv'
[14.572s] INFO:colcon.colcon_core.shell:Creating environment hook '/mnt/d/ROS2_PROJECTS/autonomous_indoor_robot/install/indoor_robot/share/indoor_robot/hook/cmake_prefix_path.sh'
[14.646s] Level 1:colcon.colcon_core.environment:checking '/mnt/d/ROS2_PROJECTS/autonomous_indoor_robot/install/indoor_robot/bin'
[14.651s] Level 1:colcon.colcon_core.environment:checking '/mnt/d/ROS2_PROJECTS/autonomous_indoor_robot/install/indoor_robot/lib/pkgconfig/indoor_robot.pc'
[14.658s] Level 1:colcon.colcon_core.environment:checking '/mnt/d/ROS2_PROJECTS/autonomous_indoor_robot/install/indoor_robot/lib/python3.10/site-packages'
[14.666s] Level 1:colcon.colcon_core.environment:checking '/mnt/d/ROS2_PROJECTS/autonomous_indoor_robot/install/indoor_robot/bin'
[14.672s] INFO:colcon.colcon_core.shell:Creating package script '/mnt/d/ROS2_PROJECTS/autonomous_indoor_robot/install/indoor_robot/share/indoor_robot/package.ps1'
[14.754s] INFO:colcon.colcon_core.shell:Creating package descriptor '/mnt/d/ROS2_PROJECTS/autonomous_indoor_robot/install/indoor_robot/share/indoor_robot/package.dsv'
[14.818s] INFO:colcon.colcon_core.shell:Creating package script '/mnt/d/ROS2_PROJECTS/autonomous_indoor_robot/install/indoor_robot/share/indoor_robot/package.sh'
[14.870s] INFO:colcon.colcon_core.shell:Creating package script '/mnt/d/ROS2_PROJECTS/autonomous_indoor_robot/install/indoor_robot/share/indoor_robot/package.bash'
[14.918s] INFO:colcon.colcon_core.shell:Creating package script '/mnt/d/ROS2_PROJECTS/autonomous_indoor_robot/install/indoor_robot/share/indoor_robot/package.zsh'
[14.964s] Level 1:colcon.colcon_core.environment:create_file_with_runtime_dependencies(/mnt/d/ROS2_PROJECTS/autonomous_indoor_robot/install/indoor_robot/share/colcon-core/packages/indoor_robot)
[15.072s] Level 1:colcon.colcon_core.environment:create_environment_scripts_only(indoor_robot)
[15.074s] Level 1:colcon.colcon_core.environment:checking '/mnt/d/ROS2_PROJECTS/autonomous_indoor_robot/install/indoor_robot' for CMake module files
[16.310s] Level 1:colcon.colcon_core.environment:checking '/mnt/d/ROS2_PROJECTS/autonomous_indoor_robot/install/indoor_robot' for CMake config files
[17.438s] Level 1:colcon.colcon_core.shell:create_environment_hook('indoor_robot', 'cmake_prefix_path')
[17.442s] INFO:colcon.colcon_core.shell:Creating environment hook '/mnt/d/ROS2_PROJECTS/autonomous_indoor_robot/install/indoor_robot/share/indoor_robot/hook/cmake_prefix_path.ps1'
[17.785s] INFO:colcon.colcon_core.shell:Creating environment descriptor '/mnt/d/ROS2_PROJECTS/autonomous_indoor_robot/install/indoor_robot/share/indoor_robot/hook/cmake_prefix_path.dsv'
[18.029s] INFO:colcon.colcon_core.shell:Creating environment hook '/mnt/d/ROS2_PROJECTS/autonomous_indoor_robot/install/indoor_robot/share/indoor_robot/hook/cmake_prefix_path.sh'
[18.338s] Level 1:colcon.colcon_core.environment:checking '/mnt/d/ROS2_PROJECTS/autonomous_indoor_robot/install/indoor_robot/bin'
[18.356s] Level 1:colcon.colcon_core.environment:checking '/mnt/d/ROS2_PROJECTS/autonomous_indoor_robot/install/indoor_robot/lib/pkgconfig/indoor_robot.pc'
[18.363s] Level 1:colcon.colcon_core.environment:checking '/mnt/d/ROS2_PROJECTS/autonomous_indoor_robot/install/indoor_robot/lib/python3.10/site-packages'
[18.381s] Level 1:colcon.colcon_core.environment:checking '/mnt/d/ROS2_PROJECTS/autonomous_indoor_robot/install/indoor_robot/bin'
[18.395s] INFO:colcon.colcon_core.shell:Creating package script '/mnt/d/ROS2_PROJECTS/autonomous_indoor_robot/install/indoor_robot/share/indoor_robot/package.ps1'
[19.308s] INFO:colcon.colcon_core.shell:Creating package descriptor '/mnt/d/ROS2_PROJECTS/autonomous_indoor_robot/install/indoor_robot/share/indoor_robot/package.dsv'
[19.617s] INFO:colcon.colcon_core.shell:Creating package script '/mnt/d/ROS2_PROJECTS/autonomous_indoor_robot/install/indoor_robot/share/indoor_robot/package.sh'
[19.726s] INFO:colcon.colcon_core.shell:Creating package script '/mnt/d/ROS2_PROJECTS/autonomous_indoor_robot/install/indoor_robot/share/indoor_robot/package.bash'
[19.794s] INFO:colcon.colcon_core.shell:Creating package script '/mnt/d/ROS2_PROJECTS/autonomous_indoor_robot/install/indoor_robot/share/indoor_robot/package.zsh'
[19.980s] Level 1:colcon.colcon_core.environment:create_file_with_runtime_dependencies(/mnt/d/ROS2_PROJECTS/autonomous_indoor_robot/install/indoor_robot/share/colcon-core/packages/indoor_robot)
[20.040s] DEBUG:colcon.colcon_parallel_executor.executor.parallel:closing loop
[20.046s] DEBUG:colcon.colcon_parallel_executor.executor.parallel:loop closed
[20.049s] DEBUG:colcon.colcon_parallel_executor.executor.parallel:run_until_complete finished with '0'
[20.051s] DEBUG:colcon.colcon_core.event_reactor:joining thread
[21.048s] INFO:colcon.colcon_core.plugin_system:Skipping extension 'colcon_notification.desktop_notification.notify_send': Could not find 'notify-send'
[21.051s] INFO:colcon.colcon_core.plugin_system:Skipping extension 'colcon_notification.desktop_notification.terminal_notifier': Not used on non-Darwin systems
[21.055s] INFO:colcon.colcon_core.plugin_system:Skipping extension 'colcon_notification.desktop_notification.win32': Not used on non-Windows systems
[21.060s] INFO:colcon.colcon_notification.desktop_notification:Sending desktop notification using 'notify2'
[21.063s] DEBUG:colcon.colcon_notification.desktop_notification.notify2:Failed to initialize notify2: org.freedesktop.DBus.Error.FileNotFound: Failed to connect to socket /run/user/1000/bus: No such file or directory
[21.065s] DEBUG:colcon.colcon_core.event_reactor:joined thread
[21.068s] INFO:colcon.colcon_core.shell:Creating prefix script '/mnt/d/ROS2_PROJECTS/autonomous_indoor_robot/install/local_setup.ps1'
[21.227s] INFO:colcon.colcon_core.shell:Creating prefix util module '/mnt/d/ROS2_PROJECTS/autonomous_indoor_robot/install/_local_setup_util_ps1.py'
[21.319s] INFO:colcon.colcon_core.shell:Creating prefix chain script '/mnt/d/ROS2_PROJECTS/autonomous_indoor_robot/install/setup.ps1'
[21.489s] INFO:colcon.colcon_core.shell:Creating prefix script '/mnt/d/ROS2_PROJECTS/autonomous_indoor_robot/install/local_setup.sh'
[21.539s] INFO:colcon.colcon_core.shell:Creating prefix util module '/mnt/d/ROS2_PROJECTS/autonomous_indoor_robot/install/_local_setup_util_sh.py'
[21.665s] INFO:colcon.colcon_core.shell:Creating prefix chain script '/mnt/d/ROS2_PROJECTS/autonomous_indoor_robot/install/setup.sh'
[21.780s] INFO:colcon.colcon_core.shell:Creating prefix script '/mnt/d/ROS2_PROJECTS/autonomous_indoor_robot/install/local_setup.bash'
[21.810s] INFO:colcon.colcon_core.shell:Creating prefix chain script '/mnt/d/ROS2_PROJECTS/autonomous_indoor_robot/install/setup.bash'
[21.905s] INFO:colcon.colcon_core.shell:Creating prefix script '/mnt/d/ROS2_PROJECTS/autonomous_indoor_robot/install/local_setup.zsh'
[21.949s] INFO:colcon.colcon_core.shell:Creating prefix chain script '/mnt/d/ROS2_PROJECTS/autonomous_indoor_robot/install/setup.zsh'
