[0.655s] DEBUG:colcon:Command line arguments: ['/usr/bin/colcon', 'build', '--packages-select', 'indoor_robot', '--symlink-install']
[0.655s] DEBUG:colcon:Parsed command line arguments: Namespace(log_base=None, log_level=None, verb_name='build', build_base='build', install_base='install', merge_install=False, symlink_install=True, test_result_base=None, continue_on_error=False, executor='parallel', parallel_workers=12, event_handlers=None, ignore_user_meta=False, metas=['./colcon.meta'], base_paths=['.'], packages_ignore=None, packages_ignore_regex=None, paths=None, packages_up_to=None, packages_up_to_regex=None, packages_above=None, packages_above_and_dependencies=None, packages_above_depth=None, packages_select_by_dep=None, packages_skip_by_dep=None, packages_skip_up_to=None, packages_select_build_failed=False, packages_skip_build_finished=False, packages_select_test_failures=False, packages_skip_test_passed=False, packages_select=['indoor_robot'], packages_skip=None, packages_select_regex=None, packages_skip_regex=None, packages_start=None, packages_end=None, allow_overriding=[], cmake_args=None, cmake_target=None, cmake_target_skip_unavailable=False, cmake_clean_cache=False, cmake_clean_first=False, cmake_force_configure=False, ament_cmake_args=None, catkin_cmake_args=None, catkin_skip_building_tests=False, verb_parser=<colcon_defaults.argument_parser.defaults.DefaultArgumentsDecorator object at 0x7e24595176d0>, verb_extension=<colcon_core.verb.build.BuildVerb object at 0x7e2459517190>, main=<bound method BuildVerb.main of <colcon_core.verb.build.BuildVerb object at 0x7e2459517190>>)
[0.886s] Level 1:colcon.colcon_core.package_discovery:discover_packages(colcon_meta) check parameters
[0.887s] Level 1:colcon.colcon_core.package_discovery:discover_packages(recursive) check parameters
[0.888s] Level 1:colcon.colcon_core.package_discovery:discover_packages(ignore) check parameters
[0.889s] Level 1:colcon.colcon_core.package_discovery:discover_packages(path) check parameters
[0.889s] Level 1:colcon.colcon_core.package_discovery:discover_packages(colcon_meta) discover
[0.890s] Level 1:colcon.colcon_core.package_discovery:discover_packages(recursive) discover
[0.890s] INFO:colcon.colcon_core.package_discovery:Crawling recursively for packages in '/mnt/d/ROS2_PROJECTS/autonomous_indoor_robot'
[0.894s] Level 1:colcon.colcon_core.package_identification:_identify(.) by extensions ['ignore', 'ignore_ament_install']
[0.895s] Level 1:colcon.colcon_core.package_identification:_identify(.) by extension 'ignore'
[0.895s] Level 1:colcon.colcon_core.package_identification:_identify(.) by extension 'ignore_ament_install'
[0.897s] Level 1:colcon.colcon_core.package_identification:_identify(.) by extensions ['colcon_pkg']
[0.897s] Level 1:colcon.colcon_core.package_identification:_identify(.) by extension 'colcon_pkg'
[0.898s] Level 1:colcon.colcon_core.package_identification:_identify(.) by extensions ['colcon_meta']
[0.899s] Level 1:colcon.colcon_core.package_identification:_identify(.) by extension 'colcon_meta'
[0.899s] Level 1:colcon.colcon_core.package_identification:_identify(.) by extensions ['ros']
[0.899s] Level 1:colcon.colcon_core.package_identification:_identify(.) by extension 'ros'
[0.921s] Level 1:colcon.colcon_core.package_identification:_identify(.) by extensions ['cmake', 'python']
[0.921s] Level 1:colcon.colcon_core.package_identification:_identify(.) by extension 'cmake'
[0.922s] Level 1:colcon.colcon_core.package_identification:_identify(.) by extension 'python'
[0.923s] Level 1:colcon.colcon_core.package_identification:_identify(.) by extensions ['python_setup_py']
[0.924s] Level 1:colcon.colcon_core.package_identification:_identify(.) by extension 'python_setup_py'
[0.929s] Level 1:colcon.colcon_core.package_identification:_identify(build) by extensions ['ignore', 'ignore_ament_install']
[0.930s] Level 1:colcon.colcon_core.package_identification:_identify(build) by extension 'ignore'
[0.932s] Level 1:colcon.colcon_core.package_identification:_identify(build) ignored
[0.937s] Level 1:colcon.colcon_core.package_identification:_identify(install) by extensions ['ignore', 'ignore_ament_install']
[0.938s] Level 1:colcon.colcon_core.package_identification:_identify(install) by extension 'ignore'
[0.940s] Level 1:colcon.colcon_core.package_identification:_identify(install) ignored
[0.947s] Level 1:colcon.colcon_core.package_identification:_identify(log) by extensions ['ignore', 'ignore_ament_install']
[0.948s] Level 1:colcon.colcon_core.package_identification:_identify(log) by extension 'ignore'
[0.949s] Level 1:colcon.colcon_core.package_identification:_identify(log) ignored
[0.954s] Level 1:colcon.colcon_core.package_identification:_identify(src) by extensions ['ignore', 'ignore_ament_install']
[0.955s] Level 1:colcon.colcon_core.package_identification:_identify(src) by extension 'ignore'
[0.956s] Level 1:colcon.colcon_core.package_identification:_identify(src) by extension 'ignore_ament_install'
[0.959s] Level 1:colcon.colcon_core.package_identification:_identify(src) by extensions ['colcon_pkg']
[0.960s] Level 1:colcon.colcon_core.package_identification:_identify(src) by extension 'colcon_pkg'
[0.961s] Level 1:colcon.colcon_core.package_identification:_identify(src) by extensions ['colcon_meta']
[0.962s] Level 1:colcon.colcon_core.package_identification:_identify(src) by extension 'colcon_meta'
[0.964s] Level 1:colcon.colcon_core.package_identification:_identify(src) by extensions ['ros']
[0.964s] Level 1:colcon.colcon_core.package_identification:_identify(src) by extension 'ros'
[0.971s] Level 1:colcon.colcon_core.package_identification:_identify(src) by extensions ['cmake', 'python']
[0.971s] Level 1:colcon.colcon_core.package_identification:_identify(src) by extension 'cmake'
[0.973s] Level 1:colcon.colcon_core.package_identification:_identify(src) by extension 'python'
[0.974s] Level 1:colcon.colcon_core.package_identification:_identify(src) by extensions ['python_setup_py']
[0.975s] Level 1:colcon.colcon_core.package_identification:_identify(src) by extension 'python_setup_py'
[0.985s] Level 1:colcon.colcon_core.package_identification:_identify(src/indoor_robot) by extensions ['ignore', 'ignore_ament_install']
[0.985s] Level 1:colcon.colcon_core.package_identification:_identify(src/indoor_robot) by extension 'ignore'
[0.987s] Level 1:colcon.colcon_core.package_identification:_identify(src/indoor_robot) by extension 'ignore_ament_install'
[0.994s] Level 1:colcon.colcon_core.package_identification:_identify(src/indoor_robot) by extensions ['colcon_pkg']
[0.994s] Level 1:colcon.colcon_core.package_identification:_identify(src/indoor_robot) by extension 'colcon_pkg'
[0.997s] Level 1:colcon.colcon_core.package_identification:_identify(src/indoor_robot) by extensions ['colcon_meta']
[0.997s] Level 1:colcon.colcon_core.package_identification:_identify(src/indoor_robot) by extension 'colcon_meta'
[1.000s] Level 1:colcon.colcon_core.package_identification:_identify(src/indoor_robot) by extensions ['ros']
[1.001s] Level 1:colcon.colcon_core.package_identification:_identify(src/indoor_robot) by extension 'ros'
[1.026s] DEBUG:colcon.colcon_core.package_identification:Package 'src/indoor_robot' with type 'ros.ament_cmake' and name 'indoor_robot'
[1.026s] Level 1:colcon.colcon_core.package_discovery:discover_packages(recursive) using defaults
[1.027s] Level 1:colcon.colcon_core.package_discovery:discover_packages(ignore) discover
[1.027s] Level 1:colcon.colcon_core.package_discovery:discover_packages(ignore) using defaults
[1.027s] Level 1:colcon.colcon_core.package_discovery:discover_packages(path) discover
[1.028s] Level 1:colcon.colcon_core.package_discovery:discover_packages(path) using defaults
[1.057s] Level 1:colcon.colcon_core.package_discovery:discover_packages(prefix_path) check parameters
[1.057s] Level 1:colcon.colcon_core.package_discovery:discover_packages(prefix_path) discover
[1.116s] DEBUG:colcon.colcon_installed_package_information.package_discovery:Found 1 installed packages in /mnt/d/ROS2_PROJECTS/autonomous_indoor_robot/install
[1.176s] DEBUG:colcon.colcon_installed_package_information.package_discovery:Found 0 installed packages in /mnt/d/ros2_projects/ros2_ws/install
[1.178s] DEBUG:colcon.colcon_installed_package_information.package_discovery:Found 295 installed packages in /opt/ros/humble
[1.193s] Level 1:colcon.colcon_core.package_discovery:discover_packages(prefix_path) using defaults
[1.253s] Level 5:colcon.colcon_core.verb:set package 'indoor_robot' build argument 'cmake_args' from command line to 'None'
[1.254s] Level 5:colcon.colcon_core.verb:set package 'indoor_robot' build argument 'cmake_target' from command line to 'None'
[1.254s] Level 5:colcon.colcon_core.verb:set package 'indoor_robot' build argument 'cmake_target_skip_unavailable' from command line to 'False'
[1.255s] Level 5:colcon.colcon_core.verb:set package 'indoor_robot' build argument 'cmake_clean_cache' from command line to 'False'
[1.255s] Level 5:colcon.colcon_core.verb:set package 'indoor_robot' build argument 'cmake_clean_first' from command line to 'False'
[1.256s] Level 5:colcon.colcon_core.verb:set package 'indoor_robot' build argument 'cmake_force_configure' from command line to 'False'
[1.256s] Level 5:colcon.colcon_core.verb:set package 'indoor_robot' build argument 'ament_cmake_args' from command line to 'None'
[1.256s] Level 5:colcon.colcon_core.verb:set package 'indoor_robot' build argument 'catkin_cmake_args' from command line to 'None'
[1.257s] Level 5:colcon.colcon_core.verb:set package 'indoor_robot' build argument 'catkin_skip_building_tests' from command line to 'False'
[1.257s] DEBUG:colcon.colcon_core.verb:Building package 'indoor_robot' with the following arguments: {'ament_cmake_args': None, 'build_base': '/mnt/d/ROS2_PROJECTS/autonomous_indoor_robot/build/indoor_robot', 'catkin_cmake_args': None, 'catkin_skip_building_tests': False, 'cmake_args': None, 'cmake_clean_cache': False, 'cmake_clean_first': False, 'cmake_force_configure': False, 'cmake_target': None, 'cmake_target_skip_unavailable': False, 'install_base': '/mnt/d/ROS2_PROJECTS/autonomous_indoor_robot/install/indoor_robot', 'merge_install': False, 'path': '/mnt/d/ROS2_PROJECTS/autonomous_indoor_robot/src/indoor_robot', 'symlink_install': True, 'test_result_base': None}
[1.258s] INFO:colcon.colcon_core.executor:Executing jobs using 'parallel' executor
[1.259s] DEBUG:colcon.colcon_parallel_executor.executor.parallel:run_until_complete
[1.260s] INFO:colcon.colcon_ros.task.ament_cmake.build:Building ROS package in '/mnt/d/ROS2_PROJECTS/autonomous_indoor_robot/src/indoor_robot' with build type 'ament_cmake'
[1.261s] INFO:colcon.colcon_cmake.task.cmake.build:Building CMake package in '/mnt/d/ROS2_PROJECTS/autonomous_indoor_robot/src/indoor_robot'
[1.266s] INFO:colcon.colcon_core.plugin_system:Skipping extension 'colcon_core.shell.bat': Not used on non-Windows systems
[1.267s] INFO:colcon.colcon_core.shell:Skip shell extension 'powershell' for command environment: Not usable outside of PowerShell
[1.268s] DEBUG:colcon.colcon_core.shell:Skip shell extension 'dsv' for command environment
[1.922s] DEBUG:colcon.colcon_core.event_handler.log_command:Invoking command in '/mnt/d/ROS2_PROJECTS/autonomous_indoor_robot/build/indoor_robot': CMAKE_PREFIX_PATH=${CMAKE_PREFIX_PATH}:/opt/ros/humble /usr/bin/cmake /mnt/d/ROS2_PROJECTS/autonomous_indoor_robot/src/indoor_robot -DAMENT_CMAKE_SYMLINK_INSTALL=1 -DCMAKE_INSTALL_PREFIX=/mnt/d/ROS2_PROJECTS/autonomous_indoor_robot/install/indoor_robot
[29.222s] DEBUG:colcon.colcon_core.event_handler.log_command:Invoked command in '/mnt/d/ROS2_PROJECTS/autonomous_indoor_robot/build/indoor_robot' returned '0': CMAKE_PREFIX_PATH=${CMAKE_PREFIX_PATH}:/opt/ros/humble /usr/bin/cmake /mnt/d/ROS2_PROJECTS/autonomous_indoor_robot/src/indoor_robot -DAMENT_CMAKE_SYMLINK_INSTALL=1 -DCMAKE_INSTALL_PREFIX=/mnt/d/ROS2_PROJECTS/autonomous_indoor_robot/install/indoor_robot
[29.243s] DEBUG:colcon.colcon_core.event_handler.log_command:Invoking command in '/mnt/d/ROS2_PROJECTS/autonomous_indoor_robot/build/indoor_robot': CMAKE_PREFIX_PATH=${CMAKE_PREFIX_PATH}:/opt/ros/humble /usr/bin/cmake --build /mnt/d/ROS2_PROJECTS/autonomous_indoor_robot/build/indoor_robot -- -j12 -l12
[29.379s] DEBUG:colcon.colcon_core.event_handler.log_command:Invoked command in '/mnt/d/ROS2_PROJECTS/autonomous_indoor_robot/build/indoor_robot' returned '0': CMAKE_PREFIX_PATH=${CMAKE_PREFIX_PATH}:/opt/ros/humble /usr/bin/cmake --build /mnt/d/ROS2_PROJECTS/autonomous_indoor_robot/build/indoor_robot -- -j12 -l12
[29.425s] DEBUG:colcon.colcon_core.event_handler.log_command:Invoking command in '/mnt/d/ROS2_PROJECTS/autonomous_indoor_robot/build/indoor_robot': CMAKE_PREFIX_PATH=${CMAKE_PREFIX_PATH}:/opt/ros/humble /usr/bin/cmake --install /mnt/d/ROS2_PROJECTS/autonomous_indoor_robot/build/indoor_robot
[31.118s] Level 1:colcon.colcon_core.environment:create_environment_scripts_only(indoor_robot)
[31.120s] DEBUG:colcon.colcon_core.event_handler.log_command:Invoked command in '/mnt/d/ROS2_PROJECTS/autonomous_indoor_robot/build/indoor_robot' returned '0': CMAKE_PREFIX_PATH=${CMAKE_PREFIX_PATH}:/opt/ros/humble /usr/bin/cmake --install /mnt/d/ROS2_PROJECTS/autonomous_indoor_robot/build/indoor_robot
[31.123s] Level 1:colcon.colcon_core.environment:checking '/mnt/d/ROS2_PROJECTS/autonomous_indoor_robot/install/indoor_robot' for CMake module files
[31.683s] Level 1:colcon.colcon_core.environment:checking '/mnt/d/ROS2_PROJECTS/autonomous_indoor_robot/install/indoor_robot' for CMake config files
[31.916s] Level 1:colcon.colcon_core.shell:create_environment_hook('indoor_robot', 'cmake_prefix_path')
[31.918s] INFO:colcon.colcon_core.shell:Creating environment hook '/mnt/d/ROS2_PROJECTS/autonomous_indoor_robot/install/indoor_robot/share/indoor_robot/hook/cmake_prefix_path.ps1'
[31.961s] INFO:colcon.colcon_core.shell:Creating environment descriptor '/mnt/d/ROS2_PROJECTS/autonomous_indoor_robot/install/indoor_robot/share/indoor_robot/hook/cmake_prefix_path.dsv'
[31.993s] INFO:colcon.colcon_core.shell:Creating environment hook '/mnt/d/ROS2_PROJECTS/autonomous_indoor_robot/install/indoor_robot/share/indoor_robot/hook/cmake_prefix_path.sh'
[32.038s] Level 1:colcon.colcon_core.environment:checking '/mnt/d/ROS2_PROJECTS/autonomous_indoor_robot/install/indoor_robot/bin'
[32.041s] Level 1:colcon.colcon_core.environment:checking '/mnt/d/ROS2_PROJECTS/autonomous_indoor_robot/install/indoor_robot/lib/pkgconfig/indoor_robot.pc'
[32.046s] Level 1:colcon.colcon_core.environment:checking '/mnt/d/ROS2_PROJECTS/autonomous_indoor_robot/install/indoor_robot/lib/python3.10/site-packages'
[32.052s] Level 1:colcon.colcon_core.environment:checking '/mnt/d/ROS2_PROJECTS/autonomous_indoor_robot/install/indoor_robot/bin'
[32.056s] INFO:colcon.colcon_core.shell:Creating package script '/mnt/d/ROS2_PROJECTS/autonomous_indoor_robot/install/indoor_robot/share/indoor_robot/package.ps1'
[32.098s] INFO:colcon.colcon_core.shell:Creating package descriptor '/mnt/d/ROS2_PROJECTS/autonomous_indoor_robot/install/indoor_robot/share/indoor_robot/package.dsv'
[32.129s] INFO:colcon.colcon_core.shell:Creating package script '/mnt/d/ROS2_PROJECTS/autonomous_indoor_robot/install/indoor_robot/share/indoor_robot/package.sh'
[32.154s] INFO:colcon.colcon_core.shell:Creating package script '/mnt/d/ROS2_PROJECTS/autonomous_indoor_robot/install/indoor_robot/share/indoor_robot/package.bash'
[32.181s] INFO:colcon.colcon_core.shell:Creating package script '/mnt/d/ROS2_PROJECTS/autonomous_indoor_robot/install/indoor_robot/share/indoor_robot/package.zsh'
[32.211s] Level 1:colcon.colcon_core.environment:create_file_with_runtime_dependencies(/mnt/d/ROS2_PROJECTS/autonomous_indoor_robot/install/indoor_robot/share/colcon-core/packages/indoor_robot)
[32.286s] Level 1:colcon.colcon_core.environment:create_environment_scripts_only(indoor_robot)
[32.287s] Level 1:colcon.colcon_core.environment:checking '/mnt/d/ROS2_PROJECTS/autonomous_indoor_robot/install/indoor_robot' for CMake module files
[32.764s] Level 1:colcon.colcon_core.environment:checking '/mnt/d/ROS2_PROJECTS/autonomous_indoor_robot/install/indoor_robot' for CMake config files
[32.882s] Level 1:colcon.colcon_core.shell:create_environment_hook('indoor_robot', 'cmake_prefix_path')
[32.883s] INFO:colcon.colcon_core.shell:Creating environment hook '/mnt/d/ROS2_PROJECTS/autonomous_indoor_robot/install/indoor_robot/share/indoor_robot/hook/cmake_prefix_path.ps1'
[32.899s] INFO:colcon.colcon_core.shell:Creating environment descriptor '/mnt/d/ROS2_PROJECTS/autonomous_indoor_robot/install/indoor_robot/share/indoor_robot/hook/cmake_prefix_path.dsv'
[32.919s] INFO:colcon.colcon_core.shell:Creating environment hook '/mnt/d/ROS2_PROJECTS/autonomous_indoor_robot/install/indoor_robot/share/indoor_robot/hook/cmake_prefix_path.sh'
[32.947s] Level 1:colcon.colcon_core.environment:checking '/mnt/d/ROS2_PROJECTS/autonomous_indoor_robot/install/indoor_robot/bin'
[32.949s] Level 1:colcon.colcon_core.environment:checking '/mnt/d/ROS2_PROJECTS/autonomous_indoor_robot/install/indoor_robot/lib/pkgconfig/indoor_robot.pc'
[32.952s] Level 1:colcon.colcon_core.environment:checking '/mnt/d/ROS2_PROJECTS/autonomous_indoor_robot/install/indoor_robot/lib/python3.10/site-packages'
[32.957s] Level 1:colcon.colcon_core.environment:checking '/mnt/d/ROS2_PROJECTS/autonomous_indoor_robot/install/indoor_robot/bin'
[32.961s] INFO:colcon.colcon_core.shell:Creating package script '/mnt/d/ROS2_PROJECTS/autonomous_indoor_robot/install/indoor_robot/share/indoor_robot/package.ps1'
[32.982s] INFO:colcon.colcon_core.shell:Creating package descriptor '/mnt/d/ROS2_PROJECTS/autonomous_indoor_robot/install/indoor_robot/share/indoor_robot/package.dsv'
[33.001s] INFO:colcon.colcon_core.shell:Creating package script '/mnt/d/ROS2_PROJECTS/autonomous_indoor_robot/install/indoor_robot/share/indoor_robot/package.sh'
[33.024s] INFO:colcon.colcon_core.shell:Creating package script '/mnt/d/ROS2_PROJECTS/autonomous_indoor_robot/install/indoor_robot/share/indoor_robot/package.bash'
[33.044s] INFO:colcon.colcon_core.shell:Creating package script '/mnt/d/ROS2_PROJECTS/autonomous_indoor_robot/install/indoor_robot/share/indoor_robot/package.zsh'
[33.061s] Level 1:colcon.colcon_core.environment:create_file_with_runtime_dependencies(/mnt/d/ROS2_PROJECTS/autonomous_indoor_robot/install/indoor_robot/share/colcon-core/packages/indoor_robot)
[33.079s] DEBUG:colcon.colcon_parallel_executor.executor.parallel:closing loop
[33.080s] DEBUG:colcon.colcon_parallel_executor.executor.parallel:loop closed
[33.080s] DEBUG:colcon.colcon_parallel_executor.executor.parallel:run_until_complete finished with '0'
[33.081s] DEBUG:colcon.colcon_core.event_reactor:joining thread
[33.201s] INFO:colcon.colcon_core.plugin_system:Skipping extension 'colcon_notification.desktop_notification.notify_send': Could not find 'notify-send'
[33.201s] INFO:colcon.colcon_core.plugin_system:Skipping extension 'colcon_notification.desktop_notification.terminal_notifier': Not used on non-Darwin systems
[33.201s] INFO:colcon.colcon_core.plugin_system:Skipping extension 'colcon_notification.desktop_notification.win32': Not used on non-Windows systems
[33.202s] INFO:colcon.colcon_notification.desktop_notification:Sending desktop notification using 'notify2'
[33.202s] DEBUG:colcon.colcon_notification.desktop_notification.notify2:Failed to initialize notify2: org.freedesktop.DBus.Error.FileNotFound: Failed to connect to socket /run/user/1000/bus: No such file or directory
[33.203s] DEBUG:colcon.colcon_core.event_reactor:joined thread
[33.204s] INFO:colcon.colcon_core.shell:Creating prefix script '/mnt/d/ROS2_PROJECTS/autonomous_indoor_robot/install/local_setup.ps1'
[33.214s] INFO:colcon.colcon_core.shell:Creating prefix util module '/mnt/d/ROS2_PROJECTS/autonomous_indoor_robot/install/_local_setup_util_ps1.py'
[33.224s] INFO:colcon.colcon_core.shell:Creating prefix chain script '/mnt/d/ROS2_PROJECTS/autonomous_indoor_robot/install/setup.ps1'
[33.267s] INFO:colcon.colcon_core.shell:Creating prefix script '/mnt/d/ROS2_PROJECTS/autonomous_indoor_robot/install/local_setup.sh'
[33.278s] INFO:colcon.colcon_core.shell:Creating prefix util module '/mnt/d/ROS2_PROJECTS/autonomous_indoor_robot/install/_local_setup_util_sh.py'
[33.286s] INFO:colcon.colcon_core.shell:Creating prefix chain script '/mnt/d/ROS2_PROJECTS/autonomous_indoor_robot/install/setup.sh'
[33.313s] INFO:colcon.colcon_core.shell:Creating prefix script '/mnt/d/ROS2_PROJECTS/autonomous_indoor_robot/install/local_setup.bash'
[33.320s] INFO:colcon.colcon_core.shell:Creating prefix chain script '/mnt/d/ROS2_PROJECTS/autonomous_indoor_robot/install/setup.bash'
[33.341s] INFO:colcon.colcon_core.shell:Creating prefix script '/mnt/d/ROS2_PROJECTS/autonomous_indoor_robot/install/local_setup.zsh'
[33.350s] INFO:colcon.colcon_core.shell:Creating prefix chain script '/mnt/d/ROS2_PROJECTS/autonomous_indoor_robot/install/setup.zsh'
