[0.562s] Invoking command in '/mnt/d/ROS2_PROJECTS/autonomous_indoor_robot/build/indoor_robot': CMAKE_PREFIX_PATH=/opt/ros/humble /usr/bin/cmake /mnt/d/ROS2_PROJECTS/autonomous_indoor_robot/src/indoor_robot -DCMAKE_INSTALL_PREFIX=/mnt/d/ROS2_PROJECTS/autonomous_indoor_robot/install/indoor_robot
[2.263s] -- The C compiler identification is GNU 11.4.0
[4.912s] -- The CXX compiler identification is GNU 11.4.0
[6.048s] -- Detecting C compiler ABI info
[7.743s] -- Detecting C compiler ABI info - done
[8.236s] -- Check for working C compiler: /usr/bin/cc - skipped
[8.263s] -- Detecting C compile features
[8.268s] -- Detecting C compile features - done
[8.477s] -- Detecting CXX compiler ABI info
[11.343s] -- Detecting CXX compiler ABI info - done
[11.455s] -- Check for working CXX compiler: /usr/bin/c++ - skipped
[11.461s] -- Detecting CXX compile features
[11.464s] -- Detecting CXX compile features - done
[11.731s] -- Found ament_cmake: 1.3.12 (/opt/ros/humble/share/ament_cmake/cmake)
[12.197s] -- Found Python3: /usr/bin/python3 (found version "3.10.12") found components: Interpreter 
[12.933s] -- Found rclcpp: 16.0.17 (/opt/ros/humble/share/rclcpp/cmake)
[13.979s] -- Found rosidl_generator_c: 3.1.8 (/opt/ros/humble/share/rosidl_generator_c/cmake)
[13.989s] -- Found rosidl_adapter: 3.1.8 (/opt/ros/humble/share/rosidl_adapter/cmake)
[14.009s] -- Found rosidl_generator_cpp: 3.1.8 (/opt/ros/humble/share/rosidl_generator_cpp/cmake)
[14.037s] -- Using all available rosidl_typesupport_c: rosidl_typesupport_fastrtps_c;rosidl_typesupport_introspection_c
[14.068s] -- Using all available rosidl_typesupport_cpp: rosidl_typesupport_fastrtps_cpp;rosidl_typesupport_introspection_cpp
[14.151s] -- Found rmw_implementation_cmake: 6.1.2 (/opt/ros/humble/share/rmw_implementation_cmake/cmake)
[14.159s] -- Found rmw_fastrtps_cpp: 6.2.9 (/opt/ros/humble/share/rmw_fastrtps_cpp/cmake)
[20.801s] -- Found OpenSSL: /usr/lib/x86_64-linux-gnu/libcrypto.so (found version "3.0.2")  
[28.391s] -- Found FastRTPS: /opt/ros/humble/include  
[42.448s] -- Using RMW implementation 'rmw_fastrtps_cpp' as default
[42.771s] -- Looking for pthread.h
[45.443s] -- Looking for pthread.h - found
[45.484s] -- Performing Test CMAKE_HAVE_LIBC_PTHREAD
[48.491s] -- Performing Test CMAKE_HAVE_LIBC_PTHREAD - Success
[48.512s] -- Found Threads: TRUE  
[48.667s] -- Found rclpy: 3.3.19 (/opt/ros/humble/share/rclpy/cmake)
[48.673s] -- Found geometry_msgs: 4.9.0 (/opt/ros/humble/share/geometry_msgs/cmake)
[48.705s] -- Found sensor_msgs: 4.9.0 (/opt/ros/humble/share/sensor_msgs/cmake)
[48.737s] -- Found nav_msgs: 4.9.0 (/opt/ros/humble/share/nav_msgs/cmake)
[48.780s] -- Found tf2: 0.25.18 (/opt/ros/humble/share/tf2/cmake)
[48.799s] -- Found tf2_ros: 0.25.18 (/opt/ros/humble/share/tf2_ros/cmake)
[49.120s] -- Found ament_lint_auto: 0.12.14 (/opt/ros/humble/share/ament_lint_auto/cmake)
[53.327s] -- Added test 'flake8' to check Python code syntax and style conventions
[54.027s] -- Added test 'lint_cmake' to check CMake code style
[54.510s] -- Added test 'pep257' to check Python code against some of the docstring style conventions in PEP 257
[57.608s] -- Added test 'xmllint' to check XML markup files
[57.956s] -- Configuring done
[59.465s] -- Generating done
[60.347s] -- Build files have been written to: /mnt/d/ROS2_PROJECTS/autonomous_indoor_robot/build/indoor_robot
[60.369s] Invoked command in '/mnt/d/ROS2_PROJECTS/autonomous_indoor_robot/build/indoor_robot' returned '0': CMAKE_PREFIX_PATH=/opt/ros/humble /usr/bin/cmake /mnt/d/ROS2_PROJECTS/autonomous_indoor_robot/src/indoor_robot -DCMAKE_INSTALL_PREFIX=/mnt/d/ROS2_PROJECTS/autonomous_indoor_robot/install/indoor_robot
[60.435s] Invoking command in '/mnt/d/ROS2_PROJECTS/autonomous_indoor_robot/build/indoor_robot': CMAKE_PREFIX_PATH=/opt/ros/humble /usr/bin/cmake --build /mnt/d/ROS2_PROJECTS/autonomous_indoor_robot/build/indoor_robot -- -j12 -l12
[61.096s] Invoked command in '/mnt/d/ROS2_PROJECTS/autonomous_indoor_robot/build/indoor_robot' returned '0': CMAKE_PREFIX_PATH=/opt/ros/humble /usr/bin/cmake --build /mnt/d/ROS2_PROJECTS/autonomous_indoor_robot/build/indoor_robot -- -j12 -l12
[61.216s] Invoking command in '/mnt/d/ROS2_PROJECTS/autonomous_indoor_robot/build/indoor_robot': CMAKE_PREFIX_PATH=/opt/ros/humble /usr/bin/cmake --install /mnt/d/ROS2_PROJECTS/autonomous_indoor_robot/build/indoor_robot
[61.235s] -- Install configuration: ""
[61.253s] -- Installing: /mnt/d/ROS2_PROJECTS/autonomous_indoor_robot/install/indoor_robot/share/indoor_robot//launch
[61.358s] -- Installing: /mnt/d/ROS2_PROJECTS/autonomous_indoor_robot/install/indoor_robot/share/indoor_robot//launch/gazebo.launch.py
[61.595s] -- Installing: /mnt/d/ROS2_PROJECTS/autonomous_indoor_robot/install/indoor_robot/share/indoor_robot//worlds
[61.707s] -- Installing: /mnt/d/ROS2_PROJECTS/autonomous_indoor_robot/install/indoor_robot/share/indoor_robot//worlds/warehouse.world
[62.071s] -- Installing: /mnt/d/ROS2_PROJECTS/autonomous_indoor_robot/install/indoor_robot/share/indoor_robot//models
[62.284s] -- Installing: /mnt/d/ROS2_PROJECTS/autonomous_indoor_robot/install/indoor_robot/share/indoor_robot//models/robot.urdf.xacro
[62.483s] -- Installing: /mnt/d/ROS2_PROJECTS/autonomous_indoor_robot/install/indoor_robot/share/indoor_robot//config
[62.539s] -- Installing: /mnt/d/ROS2_PROJECTS/autonomous_indoor_robot/install/indoor_robot/share/indoor_robot//rviz
[62.639s] -- Installing: /mnt/d/ROS2_PROJECTS/autonomous_indoor_robot/install/indoor_robot/share/ament_index/resource_index/package_run_dependencies/indoor_robot
[62.962s] -- Installing: /mnt/d/ROS2_PROJECTS/autonomous_indoor_robot/install/indoor_robot/share/ament_index/resource_index/parent_prefix_path/indoor_robot
[63.215s] -- Installing: /mnt/d/ROS2_PROJECTS/autonomous_indoor_robot/install/indoor_robot/share/indoor_robot/environment/ament_prefix_path.sh
[63.648s] -- Installing: /mnt/d/ROS2_PROJECTS/autonomous_indoor_robot/install/indoor_robot/share/indoor_robot/environment/ament_prefix_path.dsv
[63.883s] -- Installing: /mnt/d/ROS2_PROJECTS/autonomous_indoor_robot/install/indoor_robot/share/indoor_robot/environment/path.sh
[64.122s] -- Installing: /mnt/d/ROS2_PROJECTS/autonomous_indoor_robot/install/indoor_robot/share/indoor_robot/environment/path.dsv
[64.368s] -- Installing: /mnt/d/ROS2_PROJECTS/autonomous_indoor_robot/install/indoor_robot/share/indoor_robot/local_setup.bash
[64.843s] -- Installing: /mnt/d/ROS2_PROJECTS/autonomous_indoor_robot/install/indoor_robot/share/indoor_robot/local_setup.sh
[65.027s] -- Installing: /mnt/d/ROS2_PROJECTS/autonomous_indoor_robot/install/indoor_robot/share/indoor_robot/local_setup.zsh
[65.230s] -- Installing: /mnt/d/ROS2_PROJECTS/autonomous_indoor_robot/install/indoor_robot/share/indoor_robot/local_setup.dsv
[65.417s] -- Installing: /mnt/d/ROS2_PROJECTS/autonomous_indoor_robot/install/indoor_robot/share/indoor_robot/package.dsv
[65.850s] -- Installing: /mnt/d/ROS2_PROJECTS/autonomous_indoor_robot/install/indoor_robot/share/ament_index/resource_index/packages/indoor_robot
[66.387s] -- Installing: /mnt/d/ROS2_PROJECTS/autonomous_indoor_robot/install/indoor_robot/share/indoor_robot/cmake/indoor_robotConfig.cmake
[66.546s] -- Installing: /mnt/d/ROS2_PROJECTS/autonomous_indoor_robot/install/indoor_robot/share/indoor_robot/cmake/indoor_robotConfig-version.cmake
[66.704s] -- Installing: /mnt/d/ROS2_PROJECTS/autonomous_indoor_robot/install/indoor_robot/share/indoor_robot/package.xml
[66.836s] Invoked command in '/mnt/d/ROS2_PROJECTS/autonomous_indoor_robot/build/indoor_robot' returned '0': CMAKE_PREFIX_PATH=/opt/ros/humble /usr/bin/cmake --install /mnt/d/ROS2_PROJECTS/autonomous_indoor_robot/build/indoor_robot
