[0.410s] Invoking command in '/mnt/d/ROS2_PROJECTS/autonomous_indoor_robot/build/indoor_robot': CMAKE_PREFIX_PATH=${CMAKE_PREFIX_PATH}:/opt/ros/humble /usr/bin/cmake --build /mnt/d/ROS2_PROJECTS/autonomous_indoor_robot/build/indoor_robot -- -j12 -l12
[0.678s] Invoked command in '/mnt/d/ROS2_PROJECTS/autonomous_indoor_robot/build/indoor_robot' returned '0': CMAKE_PREFIX_PATH=${CMAKE_PREFIX_PATH}:/opt/ros/humble /usr/bin/cmake --build /mnt/d/ROS2_PROJECTS/autonomous_indoor_robot/build/indoor_robot -- -j12 -l12
[0.869s] Invoking command in '/mnt/d/ROS2_PROJECTS/autonomous_indoor_robot/build/indoor_robot': CMAKE_PREFIX_PATH=${CMAKE_PREFIX_PATH}:/opt/ros/humble /usr/bin/cmake --install /mnt/d/ROS2_PROJECTS/autonomous_indoor_robot/build/indoor_robot
[0.958s] -- Install configuration: ""
[0.995s] -- Execute custom install script
[1.088s] -- Up-to-date symlink: /mnt/d/ROS2_PROJECTS/autonomous_indoor_robot/install/indoor_robot/share/indoor_robot//launch/gazebo.launch.py
[1.167s] -- Up-to-date symlink: /mnt/d/ROS2_PROJECTS/autonomous_indoor_robot/install/indoor_robot/share/indoor_robot//launch/slam.launch.py
[1.304s] -- Up-to-date symlink: /mnt/d/ROS2_PROJECTS/autonomous_indoor_robot/install/indoor_robot/share/indoor_robot//worlds/warehouse.world
[1.416s] -- Up-to-date symlink: /mnt/d/ROS2_PROJECTS/autonomous_indoor_robot/install/indoor_robot/share/indoor_robot//models/robot.urdf.xacro
[1.494s] -- Up-to-date symlink: /mnt/d/ROS2_PROJECTS/autonomous_indoor_robot/install/indoor_robot/share/indoor_robot//config/slam_params.yaml
[1.566s] -- Up-to-date symlink: /mnt/d/ROS2_PROJECTS/autonomous_indoor_robot/install/indoor_robot/share/indoor_robot//rviz/slam.rviz
[1.671s] -- Up-to-date symlink: /mnt/d/ROS2_PROJECTS/autonomous_indoor_robot/install/indoor_robot/share/ament_index/resource_index/package_run_dependencies/indoor_robot
[1.800s] -- Up-to-date symlink: /mnt/d/ROS2_PROJECTS/autonomous_indoor_robot/install/indoor_robot/share/ament_index/resource_index/parent_prefix_path/indoor_robot
[1.869s] -- Up-to-date symlink: /mnt/d/ROS2_PROJECTS/autonomous_indoor_robot/install/indoor_robot/share/indoor_robot/environment/ament_prefix_path.sh
[1.913s] -- Up-to-date symlink: /mnt/d/ROS2_PROJECTS/autonomous_indoor_robot/install/indoor_robot/share/indoor_robot/environment/ament_prefix_path.dsv
[2.170s] -- Up-to-date symlink: /mnt/d/ROS2_PROJECTS/autonomous_indoor_robot/install/indoor_robot/share/indoor_robot/environment/path.sh
[2.295s] -- Up-to-date symlink: /mnt/d/ROS2_PROJECTS/autonomous_indoor_robot/install/indoor_robot/share/indoor_robot/environment/path.dsv
[2.353s] -- Up-to-date symlink: /mnt/d/ROS2_PROJECTS/autonomous_indoor_robot/install/indoor_robot/share/indoor_robot/local_setup.bash
[2.402s] -- Up-to-date symlink: /mnt/d/ROS2_PROJECTS/autonomous_indoor_robot/install/indoor_robot/share/indoor_robot/local_setup.sh
[2.449s] -- Up-to-date symlink: /mnt/d/ROS2_PROJECTS/autonomous_indoor_robot/install/indoor_robot/share/indoor_robot/local_setup.zsh
[2.510s] -- Up-to-date symlink: /mnt/d/ROS2_PROJECTS/autonomous_indoor_robot/install/indoor_robot/share/indoor_robot/local_setup.dsv
[2.530s] -- Symlinking: /mnt/d/ROS2_PROJECTS/autonomous_indoor_robot/install/indoor_robot/share/indoor_robot/package.dsv
[2.805s] -- Up-to-date symlink: /mnt/d/ROS2_PROJECTS/autonomous_indoor_robot/install/indoor_robot/share/ament_index/resource_index/packages/indoor_robot
[2.922s] -- Up-to-date symlink: /mnt/d/ROS2_PROJECTS/autonomous_indoor_robot/install/indoor_robot/share/indoor_robot/cmake/indoor_robotConfig.cmake
[3.026s] -- Up-to-date symlink: /mnt/d/ROS2_PROJECTS/autonomous_indoor_robot/install/indoor_robot/share/indoor_robot/cmake/indoor_robotConfig-version.cmake
[3.137s] -- Up-to-date symlink: /mnt/d/ROS2_PROJECTS/autonomous_indoor_robot/install/indoor_robot/share/indoor_robot/package.xml
[3.163s] Invoked command in '/mnt/d/ROS2_PROJECTS/autonomous_indoor_robot/build/indoor_robot' returned '0': CMAKE_PREFIX_PATH=${CMAKE_PREFIX_PATH}:/opt/ros/humble /usr/bin/cmake --install /mnt/d/ROS2_PROJECTS/autonomous_indoor_robot/build/indoor_robot
